<?xml version="1.0" encoding="UTF-8"?>
<testsuite xmlns:xsi="http://www.w3.org/2001/XMLSchema-instance" xsi:schemaLocation="https://maven.apache.org/surefire/maven-surefire-plugin/xsd/surefire-test-report.xsd" name="net.serenitybdd.tutorials.features.search.SearchByKeywordStory" time="29.185" tests="1" errors="1" skipped="0" failures="0">
  <properties>
[...]
</properties>
  <testcase name="search_results_should_show_the_search_term_in_the_title" classname="net.serenitybdd.tutorials.features.search.SearchByKeywordStory" time="26.956">
    <error message="Unable to locate element: {&quot;method&quot;:&quot;name&quot;,&quot;selector&quot;:&quot;q&quot;}&#10;Command duration or timeout: 2.08 seconds&#10;For documentation on this error, please visit: http://seleniumhq.org/exceptions/no_such_element.html&#10;Build info: version: &apos;3.4.0&apos;, revision: &apos;unknown&apos;, time: &apos;unknown&apos;&#10;System info: host: &apos;mcetsqa-HP-EliteBook-8470p&apos;, ip: &apos;127.0.1.1&apos;, os.name: &apos;Linux&apos;, os.arch: &apos;amd64&apos;, os.version: &apos;4.4.0-83-generic&apos;, java.version: &apos;1.8.0_131&apos;&#10;Driver info: driver.version: unknown" type="org.openqa.selenium.NoSuchElementException">org.openqa.selenium.NoSuchElementException: 
Unable to locate element: {"method":"name","selector":"q"}
Command duration or timeout: 2.08 seconds
For documentation on this error, please visit: http://seleniumhq.org/exceptions/no_such_element.html
Build info: version: '3.4.0', revision: 'unknown', time: 'unknown'
System info: host: 'mcetsqa-HP-EliteBook-8470p', ip: '127.0.1.1', os.name: 'Linux', os.arch: 'amd64', os.version: '4.4.0-83-generic', java.version: '1.8.0_131'
Driver info: driver.version: unknown
	at net.serenitybdd.tutorials.features.search.SearchByKeywordStory.search_results_should_show_the_search_term_in_the_title(SearchByKeywordStory.java:43)
</error>
    <system-err><![CDATA[[main] INFO net.serenitybdd.core.Serenity - 

-------------------------------------------------------------------------------------
     _______. _______ .______       _______ .__   __.  __  .___________.____    ____ 
    /       ||   ____||   _  \     |   ____||  \ |  | |  | |           |\   \  /   / 
   |   (----`|  |__   |  |_)  |    |  |__   |   \|  | |  | `---|  |----` \   \/   /  
    \   \    |   __|  |      /     |   __|  |  . `  | |  |     |  |       \_    _/   
.----)   |   |  |____ |  |\  \----.|  |____ |  |\   | |  |     |  |         |  |     
|_______/    |_______|| _| `._____||_______||__| \__| |__|     |__|         |__|    
-------------------------------------------------------------------------------------

[main] INFO net.serenitybdd.core.Serenity - Test Suite Started: Search by keyword story
[main] INFO net.serenitybdd.core.Serenity - 
 _____ _____ ____ _____   ____ _____  _    ____ _____ _____ ____  
|_   _| ____/ ___|_   _| / ___|_   _|/ \  |  _ \_   _| ____|  _ \ 
  | | |  _| \___ \ | |   \___ \ | | / _ \ | |_) || | |  _| | | | |
  | | | |___ ___) || |    ___) || |/ ___ \|  _ < | | | |___| |_| |
  |_| |_____|____/ |_|   |____/ |_/_/   \_\_| \_\|_| |_____|____/ 
                                                                  

TEST STARTED: search_results_should_show_the_search_term_in_the_title
-------------------------------------------------------------------
[main] INFO net.serenitybdd.core.Serenity - TEST NUMBER: 1
ERROR: ld.so: object 'x_ignore_nofocus.so' from LD_PRELOAD cannot be preloaded (cannot open shared object file): ignored.
ERROR: ld.so: object 'x_ignore_nofocus.so' from LD_PRELOAD cannot be preloaded (cannot open shared object file): ignored.
1501096096091	addons.manager	DEBUG	Application has been upgraded
1501096096112	addons.manager	DEBUG	Loaded provider scope for resource://gre/modules/addons/XPIProvider.jsm: ["XPIProvider", "XPIInternal"]
1501096096117	addons.manager	DEBUG	Loaded provider scope for resource://gre/modules/LightweightThemeManager.jsm: ["LightweightThemeManager"]
1501096096148	addons.manager	DEBUG	Loaded provider scope for resource://gre/modules/addons/GMPProvider.jsm
1501096096151	addons.manager	DEBUG	Loaded provider scope for resource://gre/modules/addons/PluginProvider.jsm
1501096096153	addons.manager	DEBUG	Starting provider: XPIProvider
1501096096154	addons.xpi	DEBUG	startup
1501096096155	addons.xpi	INFO	SystemAddonInstallLocation directory is missing
1501096096155	addons.xpi	INFO	Removing all system add-on upgrades.
1501096096159	addons.xpi	DEBUG	checkForChanges
1501096096160	addons.xpi	DEBUG	Loaded add-on state: ${}
1501096096161	addons.xpi	DEBUG	Ignoring file entry whose name is not a valid add-on ID: /tmp/anonymous2292190679344860088webdriver-profile/extensions/webdriver-staging
1501096096162	addons.xpi	INFO	Mapping fxdriver@googlecode.com to /tmp/anonymous2292190679344860088webdriver-profile/extensions/fxdriver@googlecode.com
1501096096163	addons.xpi	DEBUG	New add-on fxdriver@googlecode.com in app-profile
1501096096164	addons.xpi	INFO	Mapping fxdriver@googlecode.com to /tmp/anonymous2292190679344860088webdriver-profile/extensions/fxdriver@googlecode.com
1501096096167	addons.xpi	INFO	Mapping clicktoplay-rollout@mozilla.org to /usr/lib/firefox/browser/features/clicktoplay-rollout@mozilla.org.xpi
1501096096167	addons.xpi	INFO	Mapping firefox@getpocket.com to /usr/lib/firefox/browser/features/firefox@getpocket.com.xpi
1501096096168	addons.xpi	INFO	Mapping shield-recipe-client@mozilla.org to /usr/lib/firefox/browser/features/shield-recipe-client@mozilla.org.xpi
1501096096169	addons.xpi	INFO	Mapping aushelper@mozilla.org to /usr/lib/firefox/browser/features/aushelper@mozilla.org.xpi
1501096096169	addons.xpi	INFO	Mapping followonsearch@mozilla.com to /usr/lib/firefox/browser/features/followonsearch@mozilla.com.xpi
1501096096171	addons.xpi	INFO	Mapping e10srollout@mozilla.org to /usr/lib/firefox/browser/features/e10srollout@mozilla.org.xpi
1501096096171	addons.xpi	INFO	Mapping webcompat@mozilla.org to /usr/lib/firefox/browser/features/webcompat@mozilla.org.xpi
1501096096172	addons.xpi	INFO	Mapping screenshots@mozilla.org to /usr/lib/firefox/browser/features/screenshots@mozilla.org.xpi
1501096096173	addons.xpi	DEBUG	New add-on clicktoplay-rollout@mozilla.org in app-system-defaults
1501096096175	addons.xpi	INFO	Mapping clicktoplay-rollout@mozilla.org to /usr/lib/firefox/browser/features/clicktoplay-rollout@mozilla.org.xpi
1501096096176	addons.xpi	DEBUG	New add-on firefox@getpocket.com in app-system-defaults
1501096096177	addons.xpi	INFO	Mapping firefox@getpocket.com to /usr/lib/firefox/browser/features/firefox@getpocket.com.xpi
1501096096178	addons.xpi	DEBUG	New add-on shield-recipe-client@mozilla.org in app-system-defaults
1501096096179	addons.xpi	INFO	Mapping shield-recipe-client@mozilla.org to /usr/lib/firefox/browser/features/shield-recipe-client@mozilla.org.xpi
1501096096180	addons.xpi	DEBUG	New add-on aushelper@mozilla.org in app-system-defaults
1501096096180	addons.xpi	INFO	Mapping aushelper@mozilla.org to /usr/lib/firefox/browser/features/aushelper@mozilla.org.xpi
1501096096181	addons.xpi	DEBUG	New add-on followonsearch@mozilla.com in app-system-defaults
1501096096182	addons.xpi	INFO	Mapping followonsearch@mozilla.com to /usr/lib/firefox/browser/features/followonsearch@mozilla.com.xpi
1501096096183	addons.xpi	DEBUG	New add-on e10srollout@mozilla.org in app-system-defaults
1501096096184	addons.xpi	INFO	Mapping e10srollout@mozilla.org to /usr/lib/firefox/browser/features/e10srollout@mozilla.org.xpi
1501096096184	addons.xpi	DEBUG	New add-on webcompat@mozilla.org in app-system-defaults
1501096096185	addons.xpi	INFO	Mapping webcompat@mozilla.org to /usr/lib/firefox/browser/features/webcompat@mozilla.org.xpi
1501096096186	addons.xpi	DEBUG	New add-on screenshots@mozilla.org in app-system-defaults
1501096096186	addons.xpi	INFO	Mapping screenshots@mozilla.org to /usr/lib/firefox/browser/features/screenshots@mozilla.org.xpi
1501096096189	addons.xpi	INFO	Mapping langpack-es-CL@firefox.mozilla.org to /usr/lib/firefox/browser/extensions/langpack-es-CL@firefox.mozilla.org.xpi
1501096096189	addons.xpi	INFO	Mapping langpack-es-AR@firefox.mozilla.org to /usr/lib/firefox/browser/extensions/langpack-es-AR@firefox.mozilla.org.xpi
1501096096190	addons.xpi	INFO	Mapping {972ce4c6-7e08-4474-a285-3208198ce6fd} to /usr/lib/firefox/browser/extensions/{972ce4c6-7e08-4474-a285-3208198ce6fd}.xpi
1501096096191	addons.xpi	INFO	Mapping langpack-en-ZA@firefox.mozilla.org to /usr/lib/firefox/browser/extensions/langpack-en-ZA@firefox.mozilla.org.xpi
1501096096191	addons.xpi	INFO	Mapping langpack-es-ES@firefox.mozilla.org to /usr/lib/firefox/browser/extensions/langpack-es-ES@firefox.mozilla.org.xpi
1501096096192	addons.xpi	INFO	Mapping langpack-en-GB@firefox.mozilla.org to /usr/lib/firefox/browser/extensions/langpack-en-GB@firefox.mozilla.org.xpi
1501096096192	addons.xpi	INFO	Mapping langpack-es-MX@firefox.mozilla.org to /usr/lib/firefox/browser/extensions/langpack-es-MX@firefox.mozilla.org.xpi
1501096096193	addons.xpi	DEBUG	New add-on langpack-es-CL@firefox.mozilla.org in app-global
1501096096194	addons.xpi	INFO	Mapping langpack-es-CL@firefox.mozilla.org to /usr/lib/firefox/browser/extensions/langpack-es-CL@firefox.mozilla.org.xpi
1501096096195	addons.xpi	DEBUG	New add-on langpack-es-AR@firefox.mozilla.org in app-global
1501096096195	addons.xpi	INFO	Mapping langpack-es-AR@firefox.mozilla.org to /usr/lib/firefox/browser/extensions/langpack-es-AR@firefox.mozilla.org.xpi
1501096096197	addons.xpi	DEBUG	New add-on {972ce4c6-7e08-4474-a285-3208198ce6fd} in app-global
1501096096197	addons.xpi	INFO	Mapping {972ce4c6-7e08-4474-a285-3208198ce6fd} to /usr/lib/firefox/browser/extensions/{972ce4c6-7e08-4474-a285-3208198ce6fd}.xpi
1501096096198	addons.xpi	DEBUG	New add-on langpack-en-ZA@firefox.mozilla.org in app-global
1501096096199	addons.xpi	INFO	Mapping langpack-en-ZA@firefox.mozilla.org to /usr/lib/firefox/browser/extensions/langpack-en-ZA@firefox.mozilla.org.xpi
1501096096200	addons.xpi	DEBUG	New add-on langpack-es-ES@firefox.mozilla.org in app-global
1501096096200	addons.xpi	INFO	Mapping langpack-es-ES@firefox.mozilla.org to /usr/lib/firefox/browser/extensions/langpack-es-ES@firefox.mozilla.org.xpi
1501096096201	addons.xpi	DEBUG	New add-on langpack-en-GB@firefox.mozilla.org in app-global
1501096096202	addons.xpi	INFO	Mapping langpack-en-GB@firefox.mozilla.org to /usr/lib/firefox/browser/extensions/langpack-en-GB@firefox.mozilla.org.xpi
1501096096203	addons.xpi	DEBUG	New add-on langpack-es-MX@firefox.mozilla.org in app-global
1501096096203	addons.xpi	INFO	Mapping langpack-es-MX@firefox.mozilla.org to /usr/lib/firefox/browser/extensions/langpack-es-MX@firefox.mozilla.org.xpi
1501096096204	addons.xpi	INFO	Mapping ubufox@ubuntu.com to /usr/share/mozilla/extensions/{ec8030f7-c20a-464f-9b0e-13a3a9e97384}/ubufox@ubuntu.com.xpi
1501096096205	addons.xpi	DEBUG	New add-on ubufox@ubuntu.com in app-system-share
1501096096205	addons.xpi	INFO	Mapping ubufox@ubuntu.com to /usr/share/mozilla/extensions/{ec8030f7-c20a-464f-9b0e-13a3a9e97384}/ubufox@ubuntu.com.xpi
1501096096207	addons.xpi	DEBUG	getInstallState changed: true, state: {}
1501096096208	addons.xpi	INFO	SystemAddonInstallLocation directory is missing
1501096096219	addons.xpi-utils	DEBUG	Opening XPI database /tmp/anonymous2292190679344860088webdriver-profile/extensions.json
1501096096222	addons.xpi-utils	DEBUG	New add-on fxdriver@googlecode.com installed in app-profile
*** Blocklist::_loadBlocklistFromFile: blocklist is disabled
1501096096273	DeferredSave.extensions.json	DEBUG	Save changes
1501096096275	addons.xpi-utils	DEBUG	New add-on clicktoplay-rollout@mozilla.org installed in app-system-defaults
1501096096279	DeferredSave.extensions.json	DEBUG	Starting timer
1501096096281	DeferredSave.extensions.json	DEBUG	Save changes
1501096096281	addons.xpi-utils	DEBUG	New add-on firefox@getpocket.com installed in app-system-defaults
1501096096287	DeferredSave.extensions.json	DEBUG	Save changes
1501096096288	addons.xpi-utils	DEBUG	New add-on shield-recipe-client@mozilla.org installed in app-system-defaults
1501096096293	DeferredSave.extensions.json	DEBUG	Save changes
1501096096293	addons.xpi-utils	DEBUG	New add-on aushelper@mozilla.org installed in app-system-defaults
1501096096297	DeferredSave.extensions.json	DEBUG	Save changes
1501096096297	addons.xpi-utils	DEBUG	New add-on followonsearch@mozilla.com installed in app-system-defaults
1501096096302	DeferredSave.extensions.json	DEBUG	Save changes
1501096096302	addons.xpi-utils	DEBUG	New add-on e10srollout@mozilla.org installed in app-system-defaults
1501096096306	DeferredSave.extensions.json	DEBUG	Starting write
1501096096311	DeferredSave.extensions.json	DEBUG	Save changes
1501096096311	DeferredSave.extensions.json	DEBUG	Data changed while write in progress
1501096096312	addons.xpi-utils	DEBUG	New add-on webcompat@mozilla.org installed in app-system-defaults
1501096096315	DeferredSave.extensions.json	DEBUG	Save changes
1501096096316	addons.xpi-utils	DEBUG	New add-on screenshots@mozilla.org installed in app-system-defaults
1501096096322	DeferredSave.extensions.json	DEBUG	Save changes
1501096096323	addons.xpi-utils	DEBUG	New add-on langpack-es-CL@firefox.mozilla.org installed in app-global
1501096096333	DeferredSave.extensions.json	DEBUG	Save changes
1501096096335	addons.xpi-utils	DEBUG	New add-on langpack-es-AR@firefox.mozilla.org installed in app-global
1501096096353	DeferredSave.extensions.json	DEBUG	Save changes
1501096096353	addons.xpi-utils	DEBUG	New add-on {972ce4c6-7e08-4474-a285-3208198ce6fd} installed in app-global
1501096096358	DeferredSave.extensions.json	DEBUG	Save changes
1501096096359	addons.xpi-utils	DEBUG	New add-on langpack-en-ZA@firefox.mozilla.org installed in app-global
1501096096374	DeferredSave.extensions.json	DEBUG	Save changes
1501096096375	addons.xpi-utils	DEBUG	New add-on langpack-es-ES@firefox.mozilla.org installed in app-global
1501096096390	DeferredSave.extensions.json	DEBUG	Save changes
1501096096390	addons.xpi-utils	DEBUG	New add-on langpack-en-GB@firefox.mozilla.org installed in app-global
1501096096404	DeferredSave.extensions.json	DEBUG	Save changes
1501096096404	addons.xpi-utils	DEBUG	New add-on langpack-es-MX@firefox.mozilla.org installed in app-global
1501096096419	DeferredSave.extensions.json	DEBUG	Save changes
1501096096420	addons.xpi-utils	DEBUG	New add-on ubufox@ubuntu.com installed in app-system-share
1501096096439	addons.xpi-utils	WARN	Disabling foreign installed add-on ubufox@ubuntu.com in app-system-share
1501096096441	DeferredSave.extensions.json	DEBUG	Save changes
1501096096443	addons.manager	DEBUG	Registering startup change 'installed' for fxdriver@googlecode.com
1501096096443	addons.xpi-utils	DEBUG	Make addon app-profile:fxdriver@googlecode.com visible
1501096096446	addons.xpi	DEBUG	Updating XPIState for {"id":"fxdriver@googlecode.com","syncGUID":"{c19d6ffe-ee40-41f7-b4e7-e23618763a3e}","location":"app-profile","version":"3.4.0","type":"extension","internalName":null,"updateURL":null,"updateKey":null,"optionsURL":null,"optionsType":null,"aboutURL":null,"defaultLocale":{"name":"Firefox WebDriver","description":"WebDriver implementation for Firefox","creator":"Simon Stewart","homepageURL":null},"visible":true,"active":false,"userDisabled":false,"appDisabled":false,"installDate":1501096095000,"updateDate":1501096095000,"applyBackgroundUpdates":1,"bootstrap":false,"path":"/tmp/anonymous2292190679344860088webdriver-profile/extensions/fxdriver@googlecode.com","skinnable":false,"size":3303362,"sourceURI":null,"releaseNotesURI":null,"softDisabled":false,"foreignInstall":true,"hasBinaryComponents":false,"strictCompatibility":false,"locales":[],"targetApplications":[{"id":"{ec8030f7-c20a-464f-9b0e-13a3a9e97384}","minVersion":"3.0","maxVersion":"48.0"}],"targetPlatforms":[{"os":"Darwin","abi":null},{"os":"SunOS","abi":null},{"os":"FreeBSD","abi":null},{"os":"OpenBSD","abi":null},{"os":"WINNT","abi":null},{"os":"Linux","abi":null}],"multiprocessCompatible":false,"signedState":0,"seen":true,"dependencies":[],"hasEmbeddedWebExtension":false,"mpcOptedOut":false,"userPermissions":null,"icons":{},"iconURL":null,"icon64URL":null}
1501096096453	addons.xpi	DEBUG	Add-on fxdriver@googlecode.com blocks e10s rollout.
1501096096453	DeferredSave.extensions.json	DEBUG	Save changes
1501096096453	addons.manager	DEBUG	Registering startup change 'installed' for clicktoplay-rollout@mozilla.org
1501096096468	addons.xpi	DEBUG	Loading bootstrap scope from /usr/lib/firefox/browser/features/clicktoplay-rollout@mozilla.org.xpi
1501096096486	addons.xpi	DEBUG	Calling bootstrap method install on clicktoplay-rollout@mozilla.org version 1.0
1501096096486	addons.xpi-utils	DEBUG	Make addon app-system-defaults:clicktoplay-rollout@mozilla.org visible
1501096096487	addons.xpi	DEBUG	Updating XPIState for {"id":"clicktoplay-rollout@mozilla.org","syncGUID":"{4910cb6f-4ed5-4313-9e40-de9ac4608ee6}","location":"app-system-defaults","version":"1.0","type":"extension","internalName":null,"updateURL":null,"updateKey":null,"optionsURL":null,"optionsType":null,"aboutURL":null,"defaultLocale":{"name":"Click-to-Play staged rollout","description":"Staged rollout for Click-to-Play Flash.","creator":null,"homepageURL":null},"visible":true,"active":false,"userDisabled":false,"appDisabled":false,"installDate":1497356750000,"updateDate":1497356750000,"applyBackgroundUpdates":1,"bootstrap":true,"path":"/usr/lib/firefox/browser/features/clicktoplay-rollout@mozilla.org.xpi","skinnable":false,"size":5474,"sourceURI":null,"releaseNotesURI":null,"softDisabled":false,"foreignInstall":false,"hasBinaryComponents":false,"strictCompatibility":false,"locales":[],"targetApplications":[{"id":"{ec8030f7-c20a-464f-9b0e-13a3a9e97384}","minVersion":"55.0","maxVersion":"55.*"}],"targetPlatforms":[],"multiprocessCompatible":true,"seen":true,"dependencies":[],"hasEmbeddedWebExtension":false,"mpcOptedOut":false,"userPermissions":null,"icons":{},"iconURL":null,"icon64URL":null}
1501096096488	addons.xpi	DEBUG	Add-on fxdriver@googlecode.com blocks e10s rollout.
1501096096488	DeferredSave.extensions.json	DEBUG	Save changes
1501096096488	addons.manager	DEBUG	Registering startup change 'installed' for firefox@getpocket.com
1501096096490	addons.xpi	DEBUG	Loading bootstrap scope from /usr/lib/firefox/browser/features/firefox@getpocket.com.xpi
1501096096499	addons.xpi	DEBUG	Calling bootstrap method install on firefox@getpocket.com version 1.0.5
1501096096499	addons.xpi-utils	DEBUG	Make addon app-system-defaults:firefox@getpocket.com visible
1501096096500	addons.xpi	DEBUG	Updating XPIState for {"id":"firefox@getpocket.com","syncGUID":"{670436cb-9645-4096-a28b-242f09d1fd41}","location":"app-system-defaults","version":"1.0.5","type":"extension","internalName":null,"updateURL":null,"updateKey":null,"optionsURL":null,"optionsType":null,"aboutURL":null,"defaultLocale":{"name":"Pocket","description":"When you find something you want to view later, put it in Pocket.","creator":null,"homepageURL":null},"visible":true,"active":false,"userDisabled":false,"appDisabled":false,"installDate":1497356750000,"updateDate":1497356750000,"applyBackgroundUpdates":1,"bootstrap":true,"path":"/usr/lib/firefox/browser/features/firefox@getpocket.com.xpi","skinnable":false,"size":855800,"sourceURI":null,"releaseNotesURI":null,"softDisabled":false,"foreignInstall":false,"hasBinaryComponents":false,"strictCompatibility":false,"locales":[],"targetApplications":[{"id":"{ec8030f7-c20a-464f-9b0e-13a3a9e97384}","minVersion":"55.0","maxVersion":"55.*"}],"targetPlatforms":[],"multiprocessCompatible":true,"seen":true,"dependencies":[],"hasEmbeddedWebExtension":false,"mpcOptedOut":false,"userPermissions":null,"icons":{},"iconURL":null,"icon64URL":null}
1501096096500	addons.xpi	DEBUG	Add-on fxdriver@googlecode.com blocks e10s rollout.
1501096096500	DeferredSave.extensions.json	DEBUG	Save changes
1501096096500	addons.manager	DEBUG	Registering startup change 'installed' for shield-recipe-client@mozilla.org
1501096096502	addons.xpi	DEBUG	Loading bootstrap scope from /usr/lib/firefox/browser/features/shield-recipe-client@mozilla.org.xpi
1501096096504	addons.xpi	DEBUG	Calling bootstrap method install on shield-recipe-client@mozilla.org version 55
1501096096505	addons.xpi-utils	DEBUG	Make addon app-system-defaults:shield-recipe-client@mozilla.org visible
1501096096505	addons.xpi	DEBUG	Updating XPIState for {"id":"shield-recipe-client@mozilla.org","syncGUID":"{2f4c4ca3-626f-41df-bc56-55bff8b19cfb}","location":"app-system-defaults","version":"55","type":"extension","internalName":null,"updateURL":null,"updateKey":null,"optionsURL":null,"optionsType":null,"aboutURL":null,"defaultLocale":{"name":"Shield Recipe Client","description":"Client to download and run recipes for SHIELD, Heartbeat, etc.","creator":null,"homepageURL":null},"visible":true,"active":false,"userDisabled":false,"appDisabled":false,"installDate":1497356750000,"updateDate":1497356750000,"applyBackgroundUpdates":1,"bootstrap":true,"path":"/usr/lib/firefox/browser/features/shield-recipe-client@mozilla.org.xpi","skinnable":false,"size":139872,"sourceURI":null,"releaseNotesURI":null,"softDisabled":false,"foreignInstall":false,"hasBinaryComponents":false,"strictCompatibility":false,"locales":[],"targetApplications":[{"id":"{ec8030f7-c20a-464f-9b0e-13a3a9e97384}","minVersion":"55.0","maxVersion":"55.*"}],"targetPlatforms":[],"multiprocessCompatible":true,"seen":true,"dependencies":[],"hasEmbeddedWebExtension":false,"mpcOptedOut":false,"userPermissions":null,"icons":{},"iconURL":null,"icon64URL":null}
1501096096506	addons.xpi	DEBUG	Add-on fxdriver@googlecode.com blocks e10s rollout.
1501096096506	DeferredSave.extensions.json	DEBUG	Save changes
1501096096506	addons.manager	DEBUG	Registering startup change 'installed' for aushelper@mozilla.org
1501096096507	addons.xpi	DEBUG	Loading bootstrap scope from /usr/lib/firefox/browser/features/aushelper@mozilla.org.xpi
1501096096509	addons.xpi	DEBUG	Calling bootstrap method install on aushelper@mozilla.org version 2.0
1501096096510	addons.xpi-utils	DEBUG	Make addon app-system-defaults:aushelper@mozilla.org visible
1501096096510	addons.xpi	DEBUG	Updating XPIState for {"id":"aushelper@mozilla.org","syncGUID":"{751521e4-7239-49c4-beb4-4087c0696673}","location":"app-system-defaults","version":"2.0","type":"extension","internalName":null,"updateURL":null,"updateKey":null,"optionsURL":null,"optionsType":null,"aboutURL":null,"defaultLocale":{"name":"Application Update Service Helper","description":"Sets value(s) in the update url based on custom checks.","creator":null,"homepageURL":null},"visible":true,"active":false,"userDisabled":false,"appDisabled":false,"installDate":1497356750000,"updateDate":1497356750000,"applyBackgroundUpdates":1,"bootstrap":true,"path":"/usr/lib/firefox/browser/features/aushelper@mozilla.org.xpi","skinnable":false,"size":8486,"sourceURI":null,"releaseNotesURI":null,"softDisabled":false,"foreignInstall":false,"hasBinaryComponents":false,"strictCompatibility":false,"locales":[],"targetApplications":[{"id":"{ec8030f7-c20a-464f-9b0e-13a3a9e97384}","minVersion":"55.0","maxVersion":"55.*"}],"targetPlatforms":[],"multiprocessCompatible":true,"seen":true,"dependencies":[],"hasEmbeddedWebExtension":false,"mpcOptedOut":false,"userPermissions":null,"icons":{},"iconURL":null,"icon64URL":null}
1501096096510	addons.xpi	DEBUG	Add-on fxdriver@googlecode.com blocks e10s rollout.
1501096096510	DeferredSave.extensions.json	DEBUG	Save changes
1501096096510	addons.manager	DEBUG	Registering startup change 'installed' for followonsearch@mozilla.com
1501096096512	addons.xpi	DEBUG	Loading bootstrap scope from /usr/lib/firefox/browser/features/followonsearch@mozilla.com.xpi
1501096096516	addons.xpi	DEBUG	Calling bootstrap method install on followonsearch@mozilla.com version 0.8.0
1501096096517	addons.xpi-utils	DEBUG	Make addon app-system-defaults:followonsearch@mozilla.com visible
1501096096517	addons.xpi	DEBUG	Updating XPIState for {"id":"followonsearch@mozilla.com","syncGUID":"{be28f418-03d9-4535-b90f-f61ca5bc3a4d}","location":"app-system-defaults","version":"0.8.0","type":"extension","internalName":null,"updateURL":null,"updateKey":null,"optionsURL":null,"optionsType":null,"aboutURL":null,"defaultLocale":{"name":"Follow-on Search Telemetry","description":null,"creator":null,"homepageURL":null},"visible":true,"active":false,"userDisabled":false,"appDisabled":false,"installDate":1497356750000,"updateDate":1497356750000,"applyBackgroundUpdates":1,"bootstrap":true,"path":"/usr/lib/firefox/browser/features/followonsearch@mozilla.com.xpi","skinnable":false,"size":18486,"sourceURI":null,"releaseNotesURI":null,"softDisabled":false,"foreignInstall":false,"hasBinaryComponents":false,"strictCompatibility":false,"locales":[],"targetApplications":[{"id":"{ec8030f7-c20a-464f-9b0e-13a3a9e97384}","minVersion":"52.0","maxVersion":"59.*"}],"targetPlatforms":[],"multiprocessCompatible":true,"seen":true,"dependencies":[],"hasEmbeddedWebExtension":false,"mpcOptedOut":false,"userPermissions":null,"icons":{},"iconURL":null,"icon64URL":null}
1501096096517	addons.xpi	DEBUG	Add-on fxdriver@googlecode.com blocks e10s rollout.
1501096096517	DeferredSave.extensions.json	DEBUG	Save changes
1501096096518	addons.manager	DEBUG	Registering startup change 'installed' for e10srollout@mozilla.org
1501096096519	addons.xpi	DEBUG	Loading bootstrap scope from /usr/lib/firefox/browser/features/e10srollout@mozilla.org.xpi
1501096096524	addons.xpi	DEBUG	Calling bootstrap method install on e10srollout@mozilla.org version 1.50
1501096096524	addons.xpi	DEBUG	Add-on fxdriver@googlecode.com blocks e10s rollout.
1501096096525	addons.xpi	DEBUG	Add-on fxdriver@googlecode.com blocks e10s rollout.
1501096096526	addons.xpi-utils	DEBUG	Make addon app-system-defaults:e10srollout@mozilla.org visible
1501096096527	addons.xpi	DEBUG	Updating XPIState for {"id":"e10srollout@mozilla.org","syncGUID":"{1470144d-4b88-4096-8261-a74e5466e65b}","location":"app-system-defaults","version":"1.50","type":"extension","internalName":null,"updateURL":null,"updateKey":null,"optionsURL":null,"optionsType":null,"aboutURL":null,"defaultLocale":{"name":"Multi-process staged rollout","description":"Staged rollout of Firefox multi-process feature.","creator":null,"homepageURL":null},"visible":true,"active":false,"userDisabled":false,"appDisabled":false,"installDate":1497356750000,"updateDate":1497356750000,"applyBackgroundUpdates":1,"bootstrap":true,"path":"/usr/lib/firefox/browser/features/e10srollout@mozilla.org.xpi","skinnable":false,"size":12444,"sourceURI":null,"releaseNotesURI":null,"softDisabled":false,"foreignInstall":false,"hasBinaryComponents":false,"strictCompatibility":false,"locales":[],"targetApplications":[{"id":"{ec8030f7-c20a-464f-9b0e-13a3a9e97384}","minVersion":"55.0","maxVersion":"55.*"}],"targetPlatforms":[],"multiprocessCompatible":true,"seen":true,"dependencies":[],"hasEmbeddedWebExtension":false,"mpcOptedOut":false,"userPermissions":null,"icons":{},"iconURL":null,"icon64URL":null}
1501096096527	addons.xpi	DEBUG	Add-on fxdriver@googlecode.com blocks e10s rollout.
1501096096527	DeferredSave.extensions.json	DEBUG	Save changes
1501096096527	addons.manager	DEBUG	Registering startup change 'installed' for webcompat@mozilla.org
1501096096529	addons.xpi	DEBUG	Loading bootstrap scope from /usr/lib/firefox/browser/features/webcompat@mozilla.org.xpi
1501096096531	addons.xpi	DEBUG	Calling bootstrap method install on webcompat@mozilla.org version 1.1
1501096096531	addons.xpi-utils	DEBUG	Make addon app-system-defaults:webcompat@mozilla.org visible
1501096096532	addons.xpi	DEBUG	Updating XPIState for {"id":"webcompat@mozilla.org","syncGUID":"{1fabba47-ea9d-46c2-a7dd-3a4eabc119cc}","location":"app-system-defaults","version":"1.1","type":"extension","internalName":null,"updateURL":null,"updateKey":null,"optionsURL":null,"optionsType":null,"aboutURL":null,"defaultLocale":{"name":"Web Compat","description":"Urgent post-release fixes for web compatibility.","creator":null,"homepageURL":null},"visible":true,"active":false,"userDisabled":false,"appDisabled":false,"installDate":1497356750000,"updateDate":1497356750000,"applyBackgroundUpdates":1,"bootstrap":true,"path":"/usr/lib/firefox/browser/features/webcompat@mozilla.org.xpi","skinnable":false,"size":8990,"sourceURI":null,"releaseNotesURI":null,"softDisabled":false,"foreignInstall":false,"hasBinaryComponents":false,"strictCompatibility":false,"locales":[],"targetApplications":[{"id":"{ec8030f7-c20a-464f-9b0e-13a3a9e97384}","minVersion":"55.0","maxVersion":"55.*"}],"targetPlatforms":[],"multiprocessCompatible":true,"seen":true,"dependencies":[],"hasEmbeddedWebExtension":false,"mpcOptedOut":false,"userPermissions":null,"icons":{},"iconURL":null,"icon64URL":null}
1501096096532	addons.xpi	DEBUG	Add-on fxdriver@googlecode.com blocks e10s rollout.
1501096096532	DeferredSave.extensions.json	DEBUG	Save changes
1501096096532	addons.manager	DEBUG	Registering startup change 'installed' for screenshots@mozilla.org
1501096096533	addons.xpi	DEBUG	Loading bootstrap scope from /usr/lib/firefox/browser/features/screenshots@mozilla.org.xpi
1501096096536	addons.xpi	DEBUG	Calling bootstrap method install on screenshots@mozilla.org version 9.0.0
1501096096536	addons.xpi-utils	DEBUG	Make addon app-system-defaults:screenshots@mozilla.org visible
1501096096537	addons.xpi	DEBUG	Updating XPIState for {"id":"screenshots@mozilla.org","syncGUID":"{4ea27a1e-660e-46fb-87fd-db5ea46325f3}","location":"app-system-defaults","version":"9.0.0","type":"extension","internalName":null,"updateURL":null,"updateKey":null,"optionsURL":null,"optionsType":null,"aboutURL":null,"defaultLocale":{"name":"Firefox Screenshots","description":null,"creator":null,"homepageURL":"https://pageshot.net/"},"visible":true,"active":false,"userDisabled":false,"appDisabled":false,"installDate":1497356750000,"updateDate":1497356750000,"applyBackgroundUpdates":1,"bootstrap":true,"path":"/usr/lib/firefox/browser/features/screenshots@mozilla.org.xpi","skinnable":false,"size":726560,"sourceURI":null,"releaseNotesURI":null,"softDisabled":false,"foreignInstall":false,"hasBinaryComponents":false,"strictCompatibility":false,"locales":[],"targetApplications":[{"id":"{ec8030f7-c20a-464f-9b0e-13a3a9e97384}","minVersion":"51.0a1","maxVersion":"*"}],"targetPlatforms":[],"multiprocessCompatible":true,"seen":true,"dependencies":[],"hasEmbeddedWebExtension":false,"mpcOptedOut":false,"userPermissions":null,"icons":{},"iconURL":null,"icon64URL":null}
1501096096538	addons.xpi	DEBUG	Add-on fxdriver@googlecode.com blocks e10s rollout.
1501096096538	DeferredSave.extensions.json	DEBUG	Save changes
1501096096538	addons.manager	DEBUG	Registering startup change 'installed' for langpack-es-CL@firefox.mozilla.org
1501096096539	addons.manager	DEBUG	Registering startup change 'installed' for langpack-es-CL@firefox.mozilla.org
1501096096540	addons.xpi-utils	DEBUG	Make addon app-global:langpack-es-CL@firefox.mozilla.org visible
1501096096540	addons.xpi	DEBUG	Updating XPIState for {"id":"langpack-es-CL@firefox.mozilla.org","syncGUID":"{89c8e8f8-3a85-4268-96bc-52873dc6c128}","location":"app-global","version":"55.0","type":"locale","internalName":null,"updateURL":null,"updateKey":null,"optionsURL":null,"optionsType":null,"optionsBrowserStyle":null,"aboutURL":null,"defaultLocale":{"name":"Español (Chile) Language Pack","description":null,"creator":"mozilla.org","homepageURL":null,"contributors":["Richard von Moltke","Vedran Tomicic","Carlos Riveros","Joaquín Haeussler","Emilio Sepúlveda","Pablo Olmos De Aguilera","Eduardo Escárez","Ricardo Varas"]},"visible":true,"active":false,"userDisabled":false,"appDisabled":false,"installDate":1497357265000,"updateDate":1497357265000,"applyBackgroundUpdates":1,"bootstrap":true,"path":"/usr/lib/firefox/browser/extensions/langpack-es-CL@firefox.mozilla.org.xpi","skinnable":false,"size":1292471,"sourceURI":null,"releaseNotesURI":null,"softDisabled":false,"foreignInstall":true,"hasBinaryComponents":false,"strictCompatibility":true,"locales":[],"targetApplications":[{"id":"{ec8030f7-c20a-464f-9b0e-13a3a9e97384}","minVersion":"55.0","maxVersion":"55.*"}],"targetPlatforms":[],"seen":true,"dependencies":[],"hasEmbeddedWebExtension":false,"userPermissions":null,"icons":{},"iconURL":null,"icon64URL":null}
1501096096540	addons.xpi	DEBUG	Add-on fxdriver@googlecode.com blocks e10s rollout.
1501096096540	DeferredSave.extensions.json	DEBUG	Save changes
1501096096541	addons.manager	DEBUG	Registering startup change 'installed' for langpack-es-AR@firefox.mozilla.org
1501096096541	addons.manager	DEBUG	Registering startup change 'installed' for langpack-es-AR@firefox.mozilla.org
1501096096542	addons.xpi-utils	DEBUG	Make addon app-global:langpack-es-AR@firefox.mozilla.org visible
1501096096543	addons.xpi	DEBUG	Updating XPIState for {"id":"langpack-es-AR@firefox.mozilla.org","syncGUID":"{5692a730-eaba-45e6-8065-3c8c65b0078b}","location":"app-global","version":"55.0","type":"locale","internalName":null,"updateURL":null,"updateKey":null,"optionsURL":null,"optionsType":null,"optionsBrowserStyle":null,"aboutURL":null,"defaultLocale":{"name":"Español (AR) Language Pack","description":null,"creator":"mozilla.org","homepageURL":null,"contributors":["Marcelo Poli","Pablo Lillia","Sergio Celani","Ariel Burone","Mariano Cuenze","Ramón Retamar","Pamela Gulijczuk","Guillermo Movia"]},"visible":true,"active":false,"userDisabled":false,"appDisabled":false,"installDate":1497357265000,"updateDate":1497357265000,"applyBackgroundUpdates":1,"bootstrap":true,"path":"/usr/lib/firefox/browser/extensions/langpack-es-AR@firefox.mozilla.org.xpi","skinnable":false,"size":1284187,"sourceURI":null,"releaseNotesURI":null,"softDisabled":false,"foreignInstall":true,"hasBinaryComponents":false,"strictCompatibility":true,"locales":[],"targetApplications":[{"id":"{ec8030f7-c20a-464f-9b0e-13a3a9e97384}","minVersion":"55.0","maxVersion":"55.*"}],"targetPlatforms":[],"seen":true,"dependencies":[],"hasEmbeddedWebExtension":false,"userPermissions":null,"icons":{},"iconURL":null,"icon64URL":null}
1501096096544	addons.xpi	DEBUG	Add-on fxdriver@googlecode.com blocks e10s rollout.
1501096096544	DeferredSave.extensions.json	DEBUG	Save changes
1501096096544	addons.xpi-utils	DEBUG	Make addon app-global:{972ce4c6-7e08-4474-a285-3208198ce6fd} visible
1501096096545	addons.xpi	DEBUG	Updating XPIState for {"id":"{972ce4c6-7e08-4474-a285-3208198ce6fd}","syncGUID":"{b3c047b2-77c4-4a9f-8748-2843146cc6f3}","location":"app-global","version":"55.0","type":"theme","internalName":"classic/1.0","updateURL":null,"updateKey":null,"optionsURL":null,"optionsType":null,"optionsBrowserStyle":null,"aboutURL":null,"defaultLocale":{"name":"Default","description":"The default theme.","creator":"Mozilla","homepageURL":null,"contributors":["Mozilla Contributors"]},"visible":true,"active":false,"userDisabled":false,"appDisabled":false,"installDate":1497356750000,"updateDate":1497356750000,"applyBackgroundUpdates":1,"path":"/usr/lib/firefox/browser/extensions/{972ce4c6-7e08-4474-a285-3208198ce6fd}.xpi","skinnable":true,"size":2912,"sourceURI":null,"releaseNotesURI":null,"softDisabled":false,"foreignInstall":false,"hasBinaryComponents":false,"strictCompatibility":true,"locales":[],"targetApplications":[{"id":"{ec8030f7-c20a-464f-9b0e-13a3a9e97384}","minVersion":"55.0","maxVersion":"55.0"}],"targetPlatforms":[],"seen":true,"dependencies":[],"hasEmbeddedWebExtension":false,"userPermissions":null,"icons":{},"iconURL":"chrome://browser/content/default-theme-icon.svg","icon64URL":null}
1501096096545	addons.xpi	DEBUG	Add-on fxdriver@googlecode.com blocks e10s rollout.
1501096096546	DeferredSave.extensions.json	DEBUG	Save changes
1501096096546	addons.manager	DEBUG	Registering startup change 'installed' for langpack-en-ZA@firefox.mozilla.org
1501096096546	addons.manager	DEBUG	Registering startup change 'installed' for langpack-en-ZA@firefox.mozilla.org
1501096096548	addons.xpi-utils	DEBUG	Make addon app-global:langpack-en-ZA@firefox.mozilla.org visible
1501096096549	addons.xpi	DEBUG	Updating XPIState for {"id":"langpack-en-ZA@firefox.mozilla.org","syncGUID":"{5b5469a3-7226-4e13-9866-f0fb3861c0be}","location":"app-global","version":"55.0","type":"locale","internalName":null,"updateURL":null,"updateKey":null,"optionsURL":null,"optionsType":null,"optionsBrowserStyle":null,"aboutURL":null,"defaultLocale":{"name":"English (South Africa) Language Pack","description":null,"creator":"Translate.org.za","homepageURL":null,"contributors":["Translate.org.za","Dwayne Bailey"]},"visible":true,"active":false,"userDisabled":false,"appDisabled":false,"installDate":1497357261000,"updateDate":1497357261000,"applyBackgroundUpdates":1,"bootstrap":true,"path":"/usr/lib/firefox/browser/extensions/langpack-en-ZA@firefox.mozilla.org.xpi","skinnable":false,"size":1228236,"sourceURI":null,"releaseNotesURI":null,"softDisabled":false,"foreignInstall":true,"hasBinaryComponents":false,"strictCompatibility":true,"locales":[],"targetApplications":[{"id":"{ec8030f7-c20a-464f-9b0e-13a3a9e97384}","minVersion":"55.0","maxVersion":"55.*"}],"targetPlatforms":[],"seen":true,"dependencies":[],"hasEmbeddedWebExtension":false,"userPermissions":null,"icons":{},"iconURL":null,"icon64URL":null}
1501096096549	addons.xpi	DEBUG	Add-on fxdriver@googlecode.com blocks e10s rollout.
1501096096549	DeferredSave.extensions.json	DEBUG	Save changes
1501096096549	addons.manager	DEBUG	Registering startup change 'installed' for langpack-es-ES@firefox.mozilla.org
1501096096549	addons.manager	DEBUG	Registering startup change 'installed' for langpack-es-ES@firefox.mozilla.org
1501096096552	addons.xpi-utils	DEBUG	Make addon app-global:langpack-es-ES@firefox.mozilla.org visible
1501096096553	addons.xpi	DEBUG	Updating XPIState for {"id":"langpack-es-ES@firefox.mozilla.org","syncGUID":"{56a14832-62db-4e0c-982d-0fa953b7c1b0}","location":"app-global","version":"55.0","type":"locale","internalName":null,"updateURL":null,"updateKey":null,"optionsURL":null,"optionsType":null,"optionsBrowserStyle":null,"aboutURL":null,"defaultLocale":{"name":"Español (España) Language Pack","description":null,"creator":"mozilla.org","homepageURL":null,"contributors":["Proyecto NAVE (http://www.proyectonave.es/)"]},"visible":true,"active":false,"userDisabled":false,"appDisabled":false,"installDate":1497357265000,"updateDate":1497357265000,"applyBackgroundUpdates":1,"bootstrap":true,"path":"/usr/lib/firefox/browser/extensions/langpack-es-ES@firefox.mozilla.org.xpi","skinnable":false,"size":817108,"sourceURI":null,"releaseNotesURI":null,"softDisabled":false,"foreignInstall":true,"hasBinaryComponents":false,"strictCompatibility":true,"locales":[],"targetApplications":[{"id":"{ec8030f7-c20a-464f-9b0e-13a3a9e97384}","minVersion":"55.0","maxVersion":"55.*"}],"targetPlatforms":[],"seen":true,"dependencies":[],"hasEmbeddedWebExtension":false,"userPermissions":null,"icons":{},"iconURL":null,"icon64URL":null}
1501096096553	addons.xpi	DEBUG	Add-on fxdriver@googlecode.com blocks e10s rollout.
1501096096553	DeferredSave.extensions.json	DEBUG	Save changes
1501096096554	addons.manager	DEBUG	Registering startup change 'installed' for langpack-en-GB@firefox.mozilla.org
1501096096554	addons.manager	DEBUG	Registering startup change 'installed' for langpack-en-GB@firefox.mozilla.org
1501096096555	addons.xpi-utils	DEBUG	Make addon app-global:langpack-en-GB@firefox.mozilla.org visible
1501096096555	addons.xpi	DEBUG	Updating XPIState for {"id":"langpack-en-GB@firefox.mozilla.org","syncGUID":"{4b4d8820-8aa0-4739-b789-3a6407f31177}","location":"app-global","version":"55.0","type":"locale","internalName":null,"updateURL":null,"updateKey":null,"optionsURL":null,"optionsType":null,"optionsBrowserStyle":null,"aboutURL":null,"defaultLocale":{"name":"English (GB) Language Pack","description":null,"creator":"Mark Tyndall","homepageURL":null,"contributors":["David Bartlett","Constantine Murenin","Ian Neal"]},"visible":true,"active":false,"userDisabled":false,"appDisabled":false,"installDate":1497357260000,"updateDate":1497357260000,"applyBackgroundUpdates":1,"bootstrap":true,"path":"/usr/lib/firefox/browser/extensions/langpack-en-GB@firefox.mozilla.org.xpi","skinnable":false,"size":1225760,"sourceURI":null,"releaseNotesURI":null,"softDisabled":false,"foreignInstall":true,"hasBinaryComponents":false,"strictCompatibility":true,"locales":[],"targetApplications":[{"id":"{ec8030f7-c20a-464f-9b0e-13a3a9e97384}","minVersion":"55.0","maxVersion":"55.*"}],"targetPlatforms":[],"seen":true,"dependencies":[],"hasEmbeddedWebExtension":false,"userPermissions":null,"icons":{},"iconURL":null,"icon64URL":null}
1501096096556	addons.xpi	DEBUG	Add-on fxdriver@googlecode.com blocks e10s rollout.
1501096096556	DeferredSave.extensions.json	DEBUG	Save changes
1501096096556	addons.manager	DEBUG	Registering startup change 'installed' for langpack-es-MX@firefox.mozilla.org
1501096096556	addons.manager	DEBUG	Registering startup change 'installed' for langpack-es-MX@firefox.mozilla.org
1501096096557	addons.xpi-utils	DEBUG	Make addon app-global:langpack-es-MX@firefox.mozilla.org visible
1501096096557	addons.xpi	DEBUG	Updating XPIState for {"id":"langpack-es-MX@firefox.mozilla.org","syncGUID":"{37e156b1-a49a-47cd-a498-4c629cd63032}","location":"app-global","version":"55.0","type":"locale","internalName":null,"updateURL":null,"updateKey":null,"optionsURL":null,"optionsType":null,"optionsBrowserStyle":null,"aboutURL":null,"defaultLocale":{"name":"Español (México) Language Pack","description":null,"creator":"mozilla.org","homepageURL":null,"contributors":["Mozilla México (Responsable: Mauricio Navarro)"]},"visible":true,"active":false,"userDisabled":false,"appDisabled":false,"installDate":1497357265000,"updateDate":1497357265000,"applyBackgroundUpdates":1,"bootstrap":true,"path":"/usr/lib/firefox/browser/extensions/langpack-es-MX@firefox.mozilla.org.xpi","skinnable":false,"size":1298797,"sourceURI":null,"releaseNotesURI":null,"softDisabled":false,"foreignInstall":true,"hasBinaryComponents":false,"strictCompatibility":true,"locales":[],"targetApplications":[{"id":"{ec8030f7-c20a-464f-9b0e-13a3a9e97384}","minVersion":"55.0","maxVersion":"55.*"}],"targetPlatforms":[],"seen":true,"dependencies":[],"hasEmbeddedWebExtension":false,"userPermissions":null,"icons":{},"iconURL":null,"icon64URL":null}
1501096096557	addons.xpi	DEBUG	Add-on fxdriver@googlecode.com blocks e10s rollout.
1501096096558	DeferredSave.extensions.json	DEBUG	Save changes
1501096096558	addons.manager	DEBUG	Registering startup change 'installed' for ubufox@ubuntu.com
1501096096558	addons.xpi-utils	DEBUG	Make addon app-system-share:ubufox@ubuntu.com visible
1501096096558	addons.xpi	DEBUG	Updating XPIState for {"id":"ubufox@ubuntu.com","syncGUID":"{4e1dff23-f11e-4ce5-a3c3-3925974634f9}","location":"app-system-share","version":"3.2","type":"extension","internalName":null,"updateURL":null,"updateKey":null,"optionsURL":null,"optionsType":null,"aboutURL":null,"defaultLocale":{"name":"Ubuntu Modifications","description":"Ubuntu modifications for Firefox","creator":"Canonical Ltd.","homepageURL":null,"contributors":["Alexander Sack <asac@ubuntu.com>","Sasa Bodiroza <jazzva@gmail.com>","Daniel Abramov <ex@vingrad.ru>","Arzhel Younsi <xionox@gmail.com>","Saïvann Carignan <oxmosys@gmail.com>","Chris Coulson <chris.coulson@canonical.com>"]},"visible":true,"active":false,"userDisabled":true,"appDisabled":false,"installDate":1442597402000,"updateDate":1442597402000,"applyBackgroundUpdates":1,"bootstrap":false,"path":"/usr/share/mozilla/extensions/{ec8030f7-c20a-464f-9b0e-13a3a9e97384}/ubufox@ubuntu.com.xpi","skinnable":false,"size":129860,"sourceURI":null,"releaseNotesURI":null,"softDisabled":false,"foreignInstall":true,"hasBinaryComponents":false,"strictCompatibility":false,"locales":[{"locales":["af"],"name":"Ubuntu Modifications","description":"Ubuntu Firefox Pak","creator":"Canonical Ltd.","homepageURL":null},{"locales":["ar"],"name":"Ubuntu Modifications","description":"حزمة فايرفوكس من أوبونتو.","creator":"Canonical Ltd.","homepageURL":null},{"locales":["bg"],"name":"Ubuntu Modifications","description":"Ubuntu Firefox Pack.","creator":"Canonical Ltd.","homepageURL":null},{"locales":["ca"],"name":"Ubuntu Modifications","description":"Paquet del Firefox de l'Ubuntu.","creator":"Canonical Ltd.","homepageURL":null},{"locales":["cs"],"name":"Ubuntu Modifications","description":"Ubuntu rozšíření pro Firefox.","creator":"Canonical Ltd.","homepageURL":null},{"locales":["de"],"name":"Ubuntu Modifications","description":"Ubuntu Firefox Paket.","creator":"Canonical Ltd.","homepageURL":null},{"locales":["el"],"name":"Ubuntu Modifications","description":"Πακέτο του Ubuntu για το Firefox.","creator":"Canonical Ltd.","homepageURL":null},{"locales":["es"],"name":"Ubuntu Modifications","description":"Paquete de Ubuntu para Firefox.","creator":"Canonical Ltd.","homepageURL":null},{"locales":["eu"],"name":"Ubuntu Modifications","description":"Ubuntu Firefox Pack.","creator":"Canonical Ltd.","homepageURL":null},{"locales":["fi"],"name":"Ubuntu Modifications","description":"Ubuntun Firefox-paketti","creator":"Canonical Ltd.","homepageURL":null},{"locales":["fr"],"name":"Ubuntu Modifications","description":"Paquet Firefox Pour Ubuntu.","creator":"Canonical Ltd.","homepageURL":null},{"locales":["gl"],"name":"Ubuntu Modifications","description":"Paquete de Ubuntu para Firefox.","creator":"Canonical Ltd.","homepageURL":null},{"locales":["hu"],"name":"Ubuntu Modifications","description":"Ubuntu Firefox csomag","creator":"Canonical Ltd.","homepageURL":null},{"locales":["it"],"name":"Ubuntu Modifications","description":"Pacchetto Firefox Ubuntu.","creator":"Canonical Ltd.","homepageURL":null},{"locales":["ja"],"name":"Ubuntu Modifications","description":"Ubuntu Firefoxパック。","creator":"Canonical Ltd.","homepageURL":null},{"locales":["lt"],"name":"Ubuntu Modifications","description":"Ubuntu Firefox paketas","creator":"Canonical Ltd.","homepageURL":null},{"locales":["nl"],"name":"Ubuntu Modifications","description":"Ubuntu Firefox-pakket.","creator":"Canonical Ltd.","homepageURL":null},{"locales":["pl"],"name":"Ubuntu Modifications","description":"Pakiet Ubuntu Firefox.","creator":"Canonical Ltd.","homepageURL":null},{"locales":["pt-BR"],"name":"Ubuntu Modifications","description":"Pacote para o Firefox do Ubuntu","creator":"Canonical Ltd.","homepageURL":null},{"locales":["pt-PT"],"name":"Ubuntu Modifications","description":"Pacote Ubuntu Firefox","creator":"Canonical Ltd.","homepageURL":null},{"locales":["ro"],"name":"Ubuntu Modifications","description":"Pachetul Ubuntu Firefox.","creator":"Canonical Ltd.","homepageURL":null},{"locales":["ru"],"name":"Ubuntu Modifications","description":"Расширения Firefox для Ubuntu","creator":"Canonical Ltd.","homepageURL":null},{"locales":["sl"],"name":"Ubuntu Modifications","description":"Ubuntu razširitve za Firefox.","creator":"Canonical Ltd.","homepageURL":null},{"locales":["sv-SE"],"name":"Ubuntu Modifications","description":"Ubuntu-paket för Firefox.","creator":"Canonical Ltd.","homepageURL":null},{"locales":["uk"],"name":"Ubuntu Modifications","description":"Убунтівські доповнення до Firefox.","creator":"Canonical Ltd.","homepageURL":null},{"locales":["zh-CN"],"name":"Ubuntu Modifications","description":"Ubuntu 火狐扩展包.","creator":"Canonical Ltd.","homepageURL":null},{"locales":["zh-TW"],"name":"Ubuntu Modifications","description":"Ubuntu Firefox 擴充包。","creator":"Canonical Ltd.","homepageURL":null}],"targetApplications":[{"id":"{ec8030f7-c20a-464f-9b0e-13a3a9e97384}","minVersion":"9.0","maxVersion":"37.0a1"}],"targetPlatforms":[],"multiprocessCompatible":false,"signedState":2,"seen":true,"dependencies":[],"hasEmbeddedWebExtension":false,"mpcOptedOut":false,"userPermissions":null,"icons":{},"iconURL":"chrome://ubufox/content/ubuntulogo32.png","icon64URL":null}
1501096096559	addons.xpi	DEBUG	Add-on fxdriver@googlecode.com blocks e10s rollout.
1501096096559	DeferredSave.extensions.json	DEBUG	Save changes
1501096096559	addons.xpi	DEBUG	Updating XPIState for {"id":"fxdriver@googlecode.com","syncGUID":"{c19d6ffe-ee40-41f7-b4e7-e23618763a3e}","location":"app-profile","version":"3.4.0","type":"extension","internalName":null,"updateURL":null,"updateKey":null,"optionsURL":null,"optionsType":null,"aboutURL":null,"defaultLocale":{"name":"Firefox WebDriver","description":"WebDriver implementation for Firefox","creator":"Simon Stewart","homepageURL":null},"visible":true,"active":true,"userDisabled":false,"appDisabled":false,"installDate":1501096095000,"updateDate":1501096095000,"applyBackgroundUpdates":1,"bootstrap":false,"path":"/tmp/anonymous2292190679344860088webdriver-profile/extensions/fxdriver@googlecode.com","skinnable":false,"size":3303362,"sourceURI":null,"releaseNotesURI":null,"softDisabled":false,"foreignInstall":true,"hasBinaryComponents":false,"strictCompatibility":false,"locales":[],"targetApplications":[{"id":"{ec8030f7-c20a-464f-9b0e-13a3a9e97384}","minVersion":"3.0","maxVersion":"48.0"}],"targetPlatforms":[{"os":"Darwin","abi":null},{"os":"SunOS","abi":null},{"os":"FreeBSD","abi":null},{"os":"OpenBSD","abi":null},{"os":"WINNT","abi":null},{"os":"Linux","abi":null}],"multiprocessCompatible":false,"signedState":0,"seen":true,"dependencies":[],"hasEmbeddedWebExtension":false,"mpcOptedOut":false,"userPermissions":null,"icons":{},"iconURL":null,"icon64URL":null}
1501096096560	addons.xpi	DEBUG	Updating XPIState for {"id":"clicktoplay-rollout@mozilla.org","syncGUID":"{4910cb6f-4ed5-4313-9e40-de9ac4608ee6}","location":"app-system-defaults","version":"1.0","type":"extension","internalName":null,"updateURL":null,"updateKey":null,"optionsURL":null,"optionsType":null,"aboutURL":null,"defaultLocale":{"name":"Click-to-Play staged rollout","description":"Staged rollout for Click-to-Play Flash.","creator":null,"homepageURL":null},"visible":true,"active":true,"userDisabled":false,"appDisabled":false,"installDate":1497356750000,"updateDate":1497356750000,"applyBackgroundUpdates":1,"bootstrap":true,"path":"/usr/lib/firefox/browser/features/clicktoplay-rollout@mozilla.org.xpi","skinnable":false,"size":5474,"sourceURI":null,"releaseNotesURI":null,"softDisabled":false,"foreignInstall":false,"hasBinaryComponents":false,"strictCompatibility":false,"locales":[],"targetApplications":[{"id":"{ec8030f7-c20a-464f-9b0e-13a3a9e97384}","minVersion":"55.0","maxVersion":"55.*"}],"targetPlatforms":[],"multiprocessCompatible":true,"seen":true,"dependencies":[],"hasEmbeddedWebExtension":false,"mpcOptedOut":false,"userPermissions":null,"icons":{},"iconURL":null,"icon64URL":null}
1501096096560	addons.xpi	DEBUG	Updating XPIState for {"id":"firefox@getpocket.com","syncGUID":"{670436cb-9645-4096-a28b-242f09d1fd41}","location":"app-system-defaults","version":"1.0.5","type":"extension","internalName":null,"updateURL":null,"updateKey":null,"optionsURL":null,"optionsType":null,"aboutURL":null,"defaultLocale":{"name":"Pocket","description":"When you find something you want to view later, put it in Pocket.","creator":null,"homepageURL":null},"visible":true,"active":true,"userDisabled":false,"appDisabled":false,"installDate":1497356750000,"updateDate":1497356750000,"applyBackgroundUpdates":1,"bootstrap":true,"path":"/usr/lib/firefox/browser/features/firefox@getpocket.com.xpi","skinnable":false,"size":855800,"sourceURI":null,"releaseNotesURI":null,"softDisabled":false,"foreignInstall":false,"hasBinaryComponents":false,"strictCompatibility":false,"locales":[],"targetApplications":[{"id":"{ec8030f7-c20a-464f-9b0e-13a3a9e97384}","minVersion":"55.0","maxVersion":"55.*"}],"targetPlatforms":[],"multiprocessCompatible":true,"seen":true,"dependencies":[],"hasEmbeddedWebExtension":false,"mpcOptedOut":false,"userPermissions":null,"icons":{},"iconURL":null,"icon64URL":null}
1501096096561	addons.xpi	DEBUG	Updating XPIState for {"id":"shield-recipe-client@mozilla.org","syncGUID":"{2f4c4ca3-626f-41df-bc56-55bff8b19cfb}","location":"app-system-defaults","version":"55","type":"extension","internalName":null,"updateURL":null,"updateKey":null,"optionsURL":null,"optionsType":null,"aboutURL":null,"defaultLocale":{"name":"Shield Recipe Client","description":"Client to download and run recipes for SHIELD, Heartbeat, etc.","creator":null,"homepageURL":null},"visible":true,"active":true,"userDisabled":false,"appDisabled":false,"installDate":1497356750000,"updateDate":1497356750000,"applyBackgroundUpdates":1,"bootstrap":true,"path":"/usr/lib/firefox/browser/features/shield-recipe-client@mozilla.org.xpi","skinnable":false,"size":139872,"sourceURI":null,"releaseNotesURI":null,"softDisabled":false,"foreignInstall":false,"hasBinaryComponents":false,"strictCompatibility":false,"locales":[],"targetApplications":[{"id":"{ec8030f7-c20a-464f-9b0e-13a3a9e97384}","minVersion":"55.0","maxVersion":"55.*"}],"targetPlatforms":[],"multiprocessCompatible":true,"seen":true,"dependencies":[],"hasEmbeddedWebExtension":false,"mpcOptedOut":false,"userPermissions":null,"icons":{},"iconURL":null,"icon64URL":null}
1501096096561	addons.xpi	DEBUG	Updating XPIState for {"id":"aushelper@mozilla.org","syncGUID":"{751521e4-7239-49c4-beb4-4087c0696673}","location":"app-system-defaults","version":"2.0","type":"extension","internalName":null,"updateURL":null,"updateKey":null,"optionsURL":null,"optionsType":null,"aboutURL":null,"defaultLocale":{"name":"Application Update Service Helper","description":"Sets value(s) in the update url based on custom checks.","creator":null,"homepageURL":null},"visible":true,"active":true,"userDisabled":false,"appDisabled":false,"installDate":1497356750000,"updateDate":1497356750000,"applyBackgroundUpdates":1,"bootstrap":true,"path":"/usr/lib/firefox/browser/features/aushelper@mozilla.org.xpi","skinnable":false,"size":8486,"sourceURI":null,"releaseNotesURI":null,"softDisabled":false,"foreignInstall":false,"hasBinaryComponents":false,"strictCompatibility":false,"locales":[],"targetApplications":[{"id":"{ec8030f7-c20a-464f-9b0e-13a3a9e97384}","minVersion":"55.0","maxVersion":"55.*"}],"targetPlatforms":[],"multiprocessCompatible":true,"seen":true,"dependencies":[],"hasEmbeddedWebExtension":false,"mpcOptedOut":false,"userPermissions":null,"icons":{},"iconURL":null,"icon64URL":null}
1501096096561	addons.xpi	DEBUG	Updating XPIState for {"id":"followonsearch@mozilla.com","syncGUID":"{be28f418-03d9-4535-b90f-f61ca5bc3a4d}","location":"app-system-defaults","version":"0.8.0","type":"extension","internalName":null,"updateURL":null,"updateKey":null,"optionsURL":null,"optionsType":null,"aboutURL":null,"defaultLocale":{"name":"Follow-on Search Telemetry","description":null,"creator":null,"homepageURL":null},"visible":true,"active":true,"userDisabled":false,"appDisabled":false,"installDate":1497356750000,"updateDate":1497356750000,"applyBackgroundUpdates":1,"bootstrap":true,"path":"/usr/lib/firefox/browser/features/followonsearch@mozilla.com.xpi","skinnable":false,"size":18486,"sourceURI":null,"releaseNotesURI":null,"softDisabled":false,"foreignInstall":false,"hasBinaryComponents":false,"strictCompatibility":false,"locales":[],"targetApplications":[{"id":"{ec8030f7-c20a-464f-9b0e-13a3a9e97384}","minVersion":"52.0","maxVersion":"59.*"}],"targetPlatforms":[],"multiprocessCompatible":true,"seen":true,"dependencies":[],"hasEmbeddedWebExtension":false,"mpcOptedOut":false,"userPermissions":null,"icons":{},"iconURL":null,"icon64URL":null}
1501096096561	addons.xpi	DEBUG	Updating XPIState for {"id":"e10srollout@mozilla.org","syncGUID":"{1470144d-4b88-4096-8261-a74e5466e65b}","location":"app-system-defaults","version":"1.50","type":"extension","internalName":null,"updateURL":null,"updateKey":null,"optionsURL":null,"optionsType":null,"aboutURL":null,"defaultLocale":{"name":"Multi-process staged rollout","description":"Staged rollout of Firefox multi-process feature.","creator":null,"homepageURL":null},"visible":true,"active":true,"userDisabled":false,"appDisabled":false,"installDate":1497356750000,"updateDate":1497356750000,"applyBackgroundUpdates":1,"bootstrap":true,"path":"/usr/lib/firefox/browser/features/e10srollout@mozilla.org.xpi","skinnable":false,"size":12444,"sourceURI":null,"releaseNotesURI":null,"softDisabled":false,"foreignInstall":false,"hasBinaryComponents":false,"strictCompatibility":false,"locales":[],"targetApplications":[{"id":"{ec8030f7-c20a-464f-9b0e-13a3a9e97384}","minVersion":"55.0","maxVersion":"55.*"}],"targetPlatforms":[],"multiprocessCompatible":true,"seen":true,"dependencies":[],"hasEmbeddedWebExtension":false,"mpcOptedOut":false,"userPermissions":null,"icons":{},"iconURL":null,"icon64URL":null}
1501096096561	addons.xpi	DEBUG	Updating XPIState for {"id":"webcompat@mozilla.org","syncGUID":"{1fabba47-ea9d-46c2-a7dd-3a4eabc119cc}","location":"app-system-defaults","version":"1.1","type":"extension","internalName":null,"updateURL":null,"updateKey":null,"optionsURL":null,"optionsType":null,"aboutURL":null,"defaultLocale":{"name":"Web Compat","description":"Urgent post-release fixes for web compatibility.","creator":null,"homepageURL":null},"visible":true,"active":true,"userDisabled":false,"appDisabled":false,"installDate":1497356750000,"updateDate":1497356750000,"applyBackgroundUpdates":1,"bootstrap":true,"path":"/usr/lib/firefox/browser/features/webcompat@mozilla.org.xpi","skinnable":false,"size":8990,"sourceURI":null,"releaseNotesURI":null,"softDisabled":false,"foreignInstall":false,"hasBinaryComponents":false,"strictCompatibility":false,"locales":[],"targetApplications":[{"id":"{ec8030f7-c20a-464f-9b0e-13a3a9e97384}","minVersion":"55.0","maxVersion":"55.*"}],"targetPlatforms":[],"multiprocessCompatible":true,"seen":true,"dependencies":[],"hasEmbeddedWebExtension":false,"mpcOptedOut":false,"userPermissions":null,"icons":{},"iconURL":null,"icon64URL":null}
1501096096562	addons.xpi	DEBUG	Updating XPIState for {"id":"screenshots@mozilla.org","syncGUID":"{4ea27a1e-660e-46fb-87fd-db5ea46325f3}","location":"app-system-defaults","version":"9.0.0","type":"extension","internalName":null,"updateURL":null,"updateKey":null,"optionsURL":null,"optionsType":null,"aboutURL":null,"defaultLocale":{"name":"Firefox Screenshots","description":null,"creator":null,"homepageURL":"https://pageshot.net/"},"visible":true,"active":true,"userDisabled":false,"appDisabled":false,"installDate":1497356750000,"updateDate":1497356750000,"applyBackgroundUpdates":1,"bootstrap":true,"path":"/usr/lib/firefox/browser/features/screenshots@mozilla.org.xpi","skinnable":false,"size":726560,"sourceURI":null,"releaseNotesURI":null,"softDisabled":false,"foreignInstall":false,"hasBinaryComponents":false,"strictCompatibility":false,"locales":[],"targetApplications":[{"id":"{ec8030f7-c20a-464f-9b0e-13a3a9e97384}","minVersion":"51.0a1","maxVersion":"*"}],"targetPlatforms":[],"multiprocessCompatible":true,"seen":true,"dependencies":[],"hasEmbeddedWebExtension":false,"mpcOptedOut":false,"userPermissions":null,"icons":{},"iconURL":null,"icon64URL":null}
1501096096562	addons.xpi	DEBUG	Updating XPIState for {"id":"langpack-es-CL@firefox.mozilla.org","syncGUID":"{89c8e8f8-3a85-4268-96bc-52873dc6c128}","location":"app-global","version":"55.0","type":"locale","internalName":null,"updateURL":null,"updateKey":null,"optionsURL":null,"optionsType":null,"optionsBrowserStyle":null,"aboutURL":null,"defaultLocale":{"name":"Español (Chile) Language Pack","description":null,"creator":"mozilla.org","homepageURL":null,"contributors":["Richard von Moltke","Vedran Tomicic","Carlos Riveros","Joaquín Haeussler","Emilio Sepúlveda","Pablo Olmos De Aguilera","Eduardo Escárez","Ricardo Varas"]},"visible":true,"active":true,"userDisabled":false,"appDisabled":false,"installDate":1497357265000,"updateDate":1497357265000,"applyBackgroundUpdates":1,"bootstrap":true,"path":"/usr/lib/firefox/browser/extensions/langpack-es-CL@firefox.mozilla.org.xpi","skinnable":false,"size":1292471,"sourceURI":null,"releaseNotesURI":null,"softDisabled":false,"foreignInstall":true,"hasBinaryComponents":false,"strictCompatibility":true,"locales":[],"targetApplications":[{"id":"{ec8030f7-c20a-464f-9b0e-13a3a9e97384}","minVersion":"55.0","maxVersion":"55.*"}],"targetPlatforms":[],"seen":true,"dependencies":[],"hasEmbeddedWebExtension":false,"userPermissions":null,"icons":{},"iconURL":null,"icon64URL":null}
1501096096563	addons.xpi	DEBUG	Updating XPIState for {"id":"langpack-es-AR@firefox.mozilla.org","syncGUID":"{5692a730-eaba-45e6-8065-3c8c65b0078b}","location":"app-global","version":"55.0","type":"locale","internalName":null,"updateURL":null,"updateKey":null,"optionsURL":null,"optionsType":null,"optionsBrowserStyle":null,"aboutURL":null,"defaultLocale":{"name":"Español (AR) Language Pack","description":null,"creator":"mozilla.org","homepageURL":null,"contributors":["Marcelo Poli","Pablo Lillia","Sergio Celani","Ariel Burone","Mariano Cuenze","Ramón Retamar","Pamela Gulijczuk","Guillermo Movia"]},"visible":true,"active":true,"userDisabled":false,"appDisabled":false,"installDate":1497357265000,"updateDate":1497357265000,"applyBackgroundUpdates":1,"bootstrap":true,"path":"/usr/lib/firefox/browser/extensions/langpack-es-AR@firefox.mozilla.org.xpi","skinnable":false,"size":1284187,"sourceURI":null,"releaseNotesURI":null,"softDisabled":false,"foreignInstall":true,"hasBinaryComponents":false,"strictCompatibility":true,"locales":[],"targetApplications":[{"id":"{ec8030f7-c20a-464f-9b0e-13a3a9e97384}","minVersion":"55.0","maxVersion":"55.*"}],"targetPlatforms":[],"seen":true,"dependencies":[],"hasEmbeddedWebExtension":false,"userPermissions":null,"icons":{},"iconURL":null,"icon64URL":null}
1501096096563	addons.xpi	DEBUG	Updating XPIState for {"id":"{972ce4c6-7e08-4474-a285-3208198ce6fd}","syncGUID":"{b3c047b2-77c4-4a9f-8748-2843146cc6f3}","location":"app-global","version":"55.0","type":"theme","internalName":"classic/1.0","updateURL":null,"updateKey":null,"optionsURL":null,"optionsType":null,"optionsBrowserStyle":null,"aboutURL":null,"defaultLocale":{"name":"Default","description":"The default theme.","creator":"Mozilla","homepageURL":null,"contributors":["Mozilla Contributors"]},"visible":true,"active":true,"userDisabled":false,"appDisabled":false,"installDate":1497356750000,"updateDate":1497356750000,"applyBackgroundUpdates":1,"path":"/usr/lib/firefox/browser/extensions/{972ce4c6-7e08-4474-a285-3208198ce6fd}.xpi","skinnable":true,"size":2912,"sourceURI":null,"releaseNotesURI":null,"softDisabled":false,"foreignInstall":false,"hasBinaryComponents":false,"strictCompatibility":true,"locales":[],"targetApplications":[{"id":"{ec8030f7-c20a-464f-9b0e-13a3a9e97384}","minVersion":"55.0","maxVersion":"55.0"}],"targetPlatforms":[],"seen":true,"dependencies":[],"hasEmbeddedWebExtension":false,"userPermissions":null,"icons":{},"iconURL":"chrome://browser/content/default-theme-icon.svg","icon64URL":null}
1501096096563	addons.xpi	DEBUG	Updating XPIState for {"id":"langpack-en-ZA@firefox.mozilla.org","syncGUID":"{5b5469a3-7226-4e13-9866-f0fb3861c0be}","location":"app-global","version":"55.0","type":"locale","internalName":null,"updateURL":null,"updateKey":null,"optionsURL":null,"optionsType":null,"optionsBrowserStyle":null,"aboutURL":null,"defaultLocale":{"name":"English (South Africa) Language Pack","description":null,"creator":"Translate.org.za","homepageURL":null,"contributors":["Translate.org.za","Dwayne Bailey"]},"visible":true,"active":true,"userDisabled":false,"appDisabled":false,"installDate":1497357261000,"updateDate":1497357261000,"applyBackgroundUpdates":1,"bootstrap":true,"path":"/usr/lib/firefox/browser/extensions/langpack-en-ZA@firefox.mozilla.org.xpi","skinnable":false,"size":1228236,"sourceURI":null,"releaseNotesURI":null,"softDisabled":false,"foreignInstall":true,"hasBinaryComponents":false,"strictCompatibility":true,"locales":[],"targetApplications":[{"id":"{ec8030f7-c20a-464f-9b0e-13a3a9e97384}","minVersion":"55.0","maxVersion":"55.*"}],"targetPlatforms":[],"seen":true,"dependencies":[],"hasEmbeddedWebExtension":false,"userPermissions":null,"icons":{},"iconURL":null,"icon64URL":null}
1501096096563	addons.xpi	DEBUG	Updating XPIState for {"id":"langpack-es-ES@firefox.mozilla.org","syncGUID":"{56a14832-62db-4e0c-982d-0fa953b7c1b0}","location":"app-global","version":"55.0","type":"locale","internalName":null,"updateURL":null,"updateKey":null,"optionsURL":null,"optionsType":null,"optionsBrowserStyle":null,"aboutURL":null,"defaultLocale":{"name":"Español (España) Language Pack","description":null,"creator":"mozilla.org","homepageURL":null,"contributors":["Proyecto NAVE (http://www.proyectonave.es/)"]},"visible":true,"active":true,"userDisabled":false,"appDisabled":false,"installDate":1497357265000,"updateDate":1497357265000,"applyBackgroundUpdates":1,"bootstrap":true,"path":"/usr/lib/firefox/browser/extensions/langpack-es-ES@firefox.mozilla.org.xpi","skinnable":false,"size":817108,"sourceURI":null,"releaseNotesURI":null,"softDisabled":false,"foreignInstall":true,"hasBinaryComponents":false,"strictCompatibility":true,"locales":[],"targetApplications":[{"id":"{ec8030f7-c20a-464f-9b0e-13a3a9e97384}","minVersion":"55.0","maxVersion":"55.*"}],"targetPlatforms":[],"seen":true,"dependencies":[],"hasEmbeddedWebExtension":false,"userPermissions":null,"icons":{},"iconURL":null,"icon64URL":null}
1501096096564	addons.xpi	DEBUG	Updating XPIState for {"id":"langpack-en-GB@firefox.mozilla.org","syncGUID":"{4b4d8820-8aa0-4739-b789-3a6407f31177}","location":"app-global","version":"55.0","type":"locale","internalName":null,"updateURL":null,"updateKey":null,"optionsURL":null,"optionsType":null,"optionsBrowserStyle":null,"aboutURL":null,"defaultLocale":{"name":"English (GB) Language Pack","description":null,"creator":"Mark Tyndall","homepageURL":null,"contributors":["David Bartlett","Constantine Murenin","Ian Neal"]},"visible":true,"active":true,"userDisabled":false,"appDisabled":false,"installDate":1497357260000,"updateDate":1497357260000,"applyBackgroundUpdates":1,"bootstrap":true,"path":"/usr/lib/firefox/browser/extensions/langpack-en-GB@firefox.mozilla.org.xpi","skinnable":false,"size":1225760,"sourceURI":null,"releaseNotesURI":null,"softDisabled":false,"foreignInstall":true,"hasBinaryComponents":false,"strictCompatibility":true,"locales":[],"targetApplications":[{"id":"{ec8030f7-c20a-464f-9b0e-13a3a9e97384}","minVersion":"55.0","maxVersion":"55.*"}],"targetPlatforms":[],"seen":true,"dependencies":[],"hasEmbeddedWebExtension":false,"userPermissions":null,"icons":{},"iconURL":null,"icon64URL":null}
1501096096564	addons.xpi	DEBUG	Updating XPIState for {"id":"langpack-es-MX@firefox.mozilla.org","syncGUID":"{37e156b1-a49a-47cd-a498-4c629cd63032}","location":"app-global","version":"55.0","type":"locale","internalName":null,"updateURL":null,"updateKey":null,"optionsURL":null,"optionsType":null,"optionsBrowserStyle":null,"aboutURL":null,"defaultLocale":{"name":"Español (México) Language Pack","description":null,"creator":"mozilla.org","homepageURL":null,"contributors":["Mozilla México (Responsable: Mauricio Navarro)"]},"visible":true,"active":true,"userDisabled":false,"appDisabled":false,"installDate":1497357265000,"updateDate":1497357265000,"applyBackgroundUpdates":1,"bootstrap":true,"path":"/usr/lib/firefox/browser/extensions/langpack-es-MX@firefox.mozilla.org.xpi","skinnable":false,"size":1298797,"sourceURI":null,"releaseNotesURI":null,"softDisabled":false,"foreignInstall":true,"hasBinaryComponents":false,"strictCompatibility":true,"locales":[],"targetApplications":[{"id":"{ec8030f7-c20a-464f-9b0e-13a3a9e97384}","minVersion":"55.0","maxVersion":"55.*"}],"targetPlatforms":[],"seen":true,"dependencies":[],"hasEmbeddedWebExtension":false,"userPermissions":null,"icons":{},"iconURL":null,"icon64URL":null}
1501096096564	addons.xpi	DEBUG	Updating XPIState for {"id":"ubufox@ubuntu.com","syncGUID":"{4e1dff23-f11e-4ce5-a3c3-3925974634f9}","location":"app-system-share","version":"3.2","type":"extension","internalName":null,"updateURL":null,"updateKey":null,"optionsURL":null,"optionsType":null,"aboutURL":null,"defaultLocale":{"name":"Ubuntu Modifications","description":"Ubuntu modifications for Firefox","creator":"Canonical Ltd.","homepageURL":null,"contributors":["Alexander Sack <asac@ubuntu.com>","Sasa Bodiroza <jazzva@gmail.com>","Daniel Abramov <ex@vingrad.ru>","Arzhel Younsi <xionox@gmail.com>","Saïvann Carignan <oxmosys@gmail.com>","Chris Coulson <chris.coulson@canonical.com>"]},"visible":true,"active":false,"userDisabled":true,"appDisabled":false,"installDate":1442597402000,"updateDate":1442597402000,"applyBackgroundUpdates":1,"bootstrap":false,"path":"/usr/share/mozilla/extensions/{ec8030f7-c20a-464f-9b0e-13a3a9e97384}/ubufox@ubuntu.com.xpi","skinnable":false,"size":129860,"sourceURI":null,"releaseNotesURI":null,"softDisabled":false,"foreignInstall":true,"hasBinaryComponents":false,"strictCompatibility":false,"locales":[{"locales":["af"],"name":"Ubuntu Modifications","description":"Ubuntu Firefox Pak","creator":"Canonical Ltd.","homepageURL":null},{"locales":["ar"],"name":"Ubuntu Modifications","description":"حزمة فايرفوكس من أوبونتو.","creator":"Canonical Ltd.","homepageURL":null},{"locales":["bg"],"name":"Ubuntu Modifications","description":"Ubuntu Firefox Pack.","creator":"Canonical Ltd.","homepageURL":null},{"locales":["ca"],"name":"Ubuntu Modifications","description":"Paquet del Firefox de l'Ubuntu.","creator":"Canonical Ltd.","homepageURL":null},{"locales":["cs"],"name":"Ubuntu Modifications","description":"Ubuntu rozšíření pro Firefox.","creator":"Canonical Ltd.","homepageURL":null},{"locales":["de"],"name":"Ubuntu Modifications","description":"Ubuntu Firefox Paket.","creator":"Canonical Ltd.","homepageURL":null},{"locales":["el"],"name":"Ubuntu Modifications","description":"Πακέτο του Ubuntu για το Firefox.","creator":"Canonical Ltd.","homepageURL":null},{"locales":["es"],"name":"Ubuntu Modifications","description":"Paquete de Ubuntu para Firefox.","creator":"Canonical Ltd.","homepageURL":null},{"locales":["eu"],"name":"Ubuntu Modifications","description":"Ubuntu Firefox Pack.","creator":"Canonical Ltd.","homepageURL":null},{"locales":["fi"],"name":"Ubuntu Modifications","description":"Ubuntun Firefox-paketti","creator":"Canonical Ltd.","homepageURL":null},{"locales":["fr"],"name":"Ubuntu Modifications","description":"Paquet Firefox Pour Ubuntu.","creator":"Canonical Ltd.","homepageURL":null},{"locales":["gl"],"name":"Ubuntu Modifications","description":"Paquete de Ubuntu para Firefox.","creator":"Canonical Ltd.","homepageURL":null},{"locales":["hu"],"name":"Ubuntu Modifications","description":"Ubuntu Firefox csomag","creator":"Canonical Ltd.","homepageURL":null},{"locales":["it"],"name":"Ubuntu Modifications","description":"Pacchetto Firefox Ubuntu.","creator":"Canonical Ltd.","homepageURL":null},{"locales":["ja"],"name":"Ubuntu Modifications","description":"Ubuntu Firefoxパック。","creator":"Canonical Ltd.","homepageURL":null},{"locales":["lt"],"name":"Ubuntu Modifications","description":"Ubuntu Firefox paketas","creator":"Canonical Ltd.","homepageURL":null},{"locales":["nl"],"name":"Ubuntu Modifications","description":"Ubuntu Firefox-pakket.","creator":"Canonical Ltd.","homepageURL":null},{"locales":["pl"],"name":"Ubuntu Modifications","description":"Pakiet Ubuntu Firefox.","creator":"Canonical Ltd.","homepageURL":null},{"locales":["pt-BR"],"name":"Ubuntu Modifications","description":"Pacote para o Firefox do Ubuntu","creator":"Canonical Ltd.","homepageURL":null},{"locales":["pt-PT"],"name":"Ubuntu Modifications","description":"Pacote Ubuntu Firefox","creator":"Canonical Ltd.","homepageURL":null},{"locales":["ro"],"name":"Ubuntu Modifications","description":"Pachetul Ubuntu Firefox.","creator":"Canonical Ltd.","homepageURL":null},{"locales":["ru"],"name":"Ubuntu Modifications","description":"Расширения Firefox для Ubuntu","creator":"Canonical Ltd.","homepageURL":null},{"locales":["sl"],"name":"Ubuntu Modifications","description":"Ubuntu razširitve za Firefox.","creator":"Canonical Ltd.","homepageURL":null},{"locales":["sv-SE"],"name":"Ubuntu Modifications","description":"Ubuntu-paket för Firefox.","creator":"Canonical Ltd.","homepageURL":null},{"locales":["uk"],"name":"Ubuntu Modifications","description":"Убунтівські доповнення до Firefox.","creator":"Canonical Ltd.","homepageURL":null},{"locales":["zh-CN"],"name":"Ubuntu Modifications","description":"Ubuntu 火狐扩展包.","creator":"Canonical Ltd.","homepageURL":null},{"locales":["zh-TW"],"name":"Ubuntu Modifications","description":"Ubuntu Firefox 擴充包。","creator":"Canonical Ltd.","homepageURL":null}],"targetApplications":[{"id":"{ec8030f7-c20a-464f-9b0e-13a3a9e97384}","minVersion":"9.0","maxVersion":"37.0a1"}],"targetPlatforms":[],"multiprocessCompatible":false,"signedState":2,"seen":true,"dependencies":[],"hasEmbeddedWebExtension":false,"mpcOptedOut":false,"userPermissions":null,"icons":{},"iconURL":"chrome://ubufox/content/ubuntulogo32.png","icon64URL":null}
1501096096565	addons.xpi	DEBUG	Add-on fxdriver@googlecode.com blocks e10s rollout.
1501096096565	DeferredSave.extensions.json	DEBUG	Save changes
1501096096565	addons.xpi	DEBUG	Updating database with changes to installed add-ons
1501096096565	addons.xpi-utils	DEBUG	Updating add-on states
1501096096605	addons.xpi	DEBUG	Registering manifest for /usr/lib/firefox/browser/features/aushelper@mozilla.org.xpi
1501096096605	addons.xpi	DEBUG	Calling bootstrap method startup on aushelper@mozilla.org version 2.0
1501096096607	addons.xpi	DEBUG	Registering manifest for /usr/lib/firefox/browser/features/clicktoplay-rollout@mozilla.org.xpi
1501096096608	addons.xpi	DEBUG	Calling bootstrap method startup on clicktoplay-rollout@mozilla.org version 1.0
1501096096732	addons.xpi	DEBUG	Registering manifest for /usr/lib/firefox/browser/features/e10srollout@mozilla.org.xpi
1501096096733	addons.xpi	DEBUG	Calling bootstrap method startup on e10srollout@mozilla.org version 1.50
1501096096733	addons.xpi	DEBUG	Registering manifest for /usr/lib/firefox/browser/features/firefox@getpocket.com.xpi
1501096096734	addons.xpi	DEBUG	Calling bootstrap method startup on firefox@getpocket.com version 1.0.5
1501096096800	addons.xpi	DEBUG	Registering manifest for /usr/lib/firefox/browser/features/followonsearch@mozilla.com.xpi
1501096096801	addons.xpi	DEBUG	Calling bootstrap method startup on followonsearch@mozilla.com version 0.8.0
1501096096801	addons.xpi	DEBUG	Registering manifest for /usr/lib/firefox/browser/extensions/langpack-en-GB@firefox.mozilla.org.xpi
1501096096803	addons.xpi	DEBUG	Registering manifest for /usr/lib/firefox/browser/extensions/langpack-en-ZA@firefox.mozilla.org.xpi
1501096096805	addons.xpi	DEBUG	Registering manifest for /usr/lib/firefox/browser/extensions/langpack-es-AR@firefox.mozilla.org.xpi
1501096096807	addons.xpi	DEBUG	Registering manifest for /usr/lib/firefox/browser/extensions/langpack-es-CL@firefox.mozilla.org.xpi
1501096096811	addons.xpi	DEBUG	Registering manifest for /usr/lib/firefox/browser/extensions/langpack-es-ES@firefox.mozilla.org.xpi
1501096096815	addons.xpi	DEBUG	Registering manifest for /usr/lib/firefox/browser/extensions/langpack-es-MX@firefox.mozilla.org.xpi
1501096096817	addons.xpi	DEBUG	Registering manifest for /usr/lib/firefox/browser/features/screenshots@mozilla.org.xpi
1501096096818	addons.xpi	DEBUG	Calling bootstrap method startup on screenshots@mozilla.org version 9.0.0
1501096096819	addons.xpi	DEBUG	Registering manifest for /usr/lib/firefox/browser/features/shield-recipe-client@mozilla.org.xpi
1501096096819	addons.xpi	DEBUG	Calling bootstrap method startup on shield-recipe-client@mozilla.org version 55
1501096096827	addons.xpi	DEBUG	Registering manifest for /usr/lib/firefox/browser/features/webcompat@mozilla.org.xpi
1501096096828	addons.xpi	DEBUG	Calling bootstrap method startup on webcompat@mozilla.org version 1.1
1501096096842	addons.manager	DEBUG	Registering shutdown blocker for XPIProvider
1501096096843	addons.manager	DEBUG	Provider finished startup: XPIProvider
1501096096843	addons.manager	DEBUG	Starting provider: LightweightThemeManager
1501096096844	addons.manager	DEBUG	Registering shutdown blocker for LightweightThemeManager
1501096096844	addons.manager	DEBUG	Provider finished startup: LightweightThemeManager
1501096096845	addons.manager	DEBUG	Starting provider: GMPProvider
1501096096848	addons.manager	DEBUG	Registering shutdown blocker for GMPProvider
1501096096849	addons.manager	DEBUG	Provider finished startup: GMPProvider
1501096096849	addons.manager	DEBUG	Starting provider: PluginProvider
1501096096849	addons.manager	DEBUG	Registering shutdown blocker for PluginProvider
1501096096849	addons.manager	DEBUG	Provider finished startup: PluginProvider
1501096096850	addons.manager	DEBUG	Completed startup sequence
1501096097223	DeferredSave.extensions.json	DEBUG	Write succeeded
1501096097224	addons.xpi-utils	DEBUG	XPI Database saved, setting schema version preference to 21
1501096097224	DeferredSave.extensions.json	DEBUG	Starting timer
1501096097240	addons.repository	DEBUG	No addons.json found.
1501096097240	DeferredSave.addons.json	DEBUG	Save changes
1501096097243	DeferredSave.addons.json	DEBUG	Starting timer
1501096097269	addons.manager	DEBUG	Starting provider: PreviousExperimentProvider
1501096097269	addons.manager	DEBUG	Registering shutdown blocker for PreviousExperimentProvider
1501096097269	addons.manager	DEBUG	Provider finished startup: PreviousExperimentProvider
1501096097273	DeferredSave.extensions.json	DEBUG	Starting write
1501096097287	DeferredSave.extensions.json	DEBUG	Write succeeded
1501096097295	DeferredSave.addons.json	DEBUG	Starting write
1501096097310	DeferredSave.addons.json	DEBUG	Write succeeded
1501096098395	addons.manager	DEBUG	Starting provider: <unnamed-provider>
1501096098395	addons.manager	DEBUG	Registering shutdown blocker for <unnamed-provider>
1501096098396	addons.manager	DEBUG	Provider finished startup: <unnamed-provider>
1501096098399	addons.xpi	DEBUG	Ignoring file entry whose name is not a valid add-on ID: /tmp/anonymous2292190679344860088webdriver-profile/extensions/webdriver-staging
1501096098399	addons.xpi	INFO	Mapping fxdriver@googlecode.com to /tmp/anonymous2292190679344860088webdriver-profile/extensions/fxdriver@googlecode.com
1501096098400	addons.xpi	DEBUG	Existing add-on fxdriver@googlecode.com in app-profile
1501096098400	addons.xpi	INFO	Mapping clicktoplay-rollout@mozilla.org to /usr/lib/firefox/browser/features/clicktoplay-rollout@mozilla.org.xpi
1501096098400	addons.xpi	INFO	Mapping firefox@getpocket.com to /usr/lib/firefox/browser/features/firefox@getpocket.com.xpi
1501096098400	addons.xpi	INFO	Mapping shield-recipe-client@mozilla.org to /usr/lib/firefox/browser/features/shield-recipe-client@mozilla.org.xpi
1501096098400	addons.xpi	INFO	Mapping aushelper@mozilla.org to /usr/lib/firefox/browser/features/aushelper@mozilla.org.xpi
1501096098401	addons.xpi	INFO	Mapping followonsearch@mozilla.com to /usr/lib/firefox/browser/features/followonsearch@mozilla.com.xpi
1501096098401	addons.xpi	INFO	Mapping e10srollout@mozilla.org to /usr/lib/firefox/browser/features/e10srollout@mozilla.org.xpi
1501096098401	addons.xpi	INFO	Mapping webcompat@mozilla.org to /usr/lib/firefox/browser/features/webcompat@mozilla.org.xpi
1501096098401	addons.xpi	INFO	Mapping screenshots@mozilla.org to /usr/lib/firefox/browser/features/screenshots@mozilla.org.xpi
1501096098401	addons.xpi	DEBUG	Existing add-on clicktoplay-rollout@mozilla.org in app-system-defaults
1501096098401	addons.xpi	DEBUG	Existing add-on firefox@getpocket.com in app-system-defaults
1501096098402	addons.xpi	DEBUG	Existing add-on shield-recipe-client@mozilla.org in app-system-defaults
1501096098402	addons.xpi	DEBUG	Existing add-on aushelper@mozilla.org in app-system-defaults
1501096098402	addons.xpi	DEBUG	Existing add-on followonsearch@mozilla.com in app-system-defaults
1501096098402	addons.xpi	DEBUG	Existing add-on e10srollout@mozilla.org in app-system-defaults
1501096098403	addons.xpi	DEBUG	Existing add-on webcompat@mozilla.org in app-system-defaults
1501096098404	addons.xpi	DEBUG	Existing add-on screenshots@mozilla.org in app-system-defaults
1501096098404	addons.xpi	INFO	Mapping langpack-es-CL@firefox.mozilla.org to /usr/lib/firefox/browser/extensions/langpack-es-CL@firefox.mozilla.org.xpi
1501096098404	addons.xpi	INFO	Mapping langpack-es-AR@firefox.mozilla.org to /usr/lib/firefox/browser/extensions/langpack-es-AR@firefox.mozilla.org.xpi
1501096098404	addons.xpi	INFO	Mapping {972ce4c6-7e08-4474-a285-3208198ce6fd} to /usr/lib/firefox/browser/extensions/{972ce4c6-7e08-4474-a285-3208198ce6fd}.xpi
1501096098404	addons.xpi	INFO	Mapping langpack-en-ZA@firefox.mozilla.org to /usr/lib/firefox/browser/extensions/langpack-en-ZA@firefox.mozilla.org.xpi
1501096098405	addons.xpi	INFO	Mapping langpack-es-ES@firefox.mozilla.org to /usr/lib/firefox/browser/extensions/langpack-es-ES@firefox.mozilla.org.xpi
1501096098405	addons.xpi	INFO	Mapping langpack-en-GB@firefox.mozilla.org to /usr/lib/firefox/browser/extensions/langpack-en-GB@firefox.mozilla.org.xpi
1501096098405	addons.xpi	INFO	Mapping langpack-es-MX@firefox.mozilla.org to /usr/lib/firefox/browser/extensions/langpack-es-MX@firefox.mozilla.org.xpi
1501096098405	addons.xpi	DEBUG	Existing add-on langpack-es-CL@firefox.mozilla.org in app-global
1501096098405	addons.xpi	DEBUG	Existing add-on langpack-es-AR@firefox.mozilla.org in app-global
1501096098405	addons.xpi	DEBUG	Existing add-on {972ce4c6-7e08-4474-a285-3208198ce6fd} in app-global
1501096098406	addons.xpi	DEBUG	Existing add-on langpack-en-ZA@firefox.mozilla.org in app-global
1501096098406	addons.xpi	DEBUG	Existing add-on langpack-es-ES@firefox.mozilla.org in app-global
1501096098406	addons.xpi	DEBUG	Existing add-on langpack-en-GB@firefox.mozilla.org in app-global
1501096098406	addons.xpi	DEBUG	Existing add-on langpack-es-MX@firefox.mozilla.org in app-global
1501096098406	addons.xpi	INFO	Mapping ubufox@ubuntu.com to /usr/share/mozilla/extensions/{ec8030f7-c20a-464f-9b0e-13a3a9e97384}/ubufox@ubuntu.com.xpi
1501096098407	addons.xpi	DEBUG	Existing add-on ubufox@ubuntu.com in app-system-share
1501096098407	addons.xpi	DEBUG	getInstallState changed: false, state: {}
1501096098492	addons.productaddons	INFO	sending request to: https://aus5.mozilla.org/update/3/GMP/55.0/20170613110238/Linux_x86_64-gcc3/null/beta-cck- ubuntu/Linux%204.4.0-83-generic%20(GTK%203.18.9%2Clibpulse%208.0.0)/canonical/1.0/update.xml
jul 26, 2017 2:08:20 PM org.openqa.selenium.remote.ProtocolHandshake createSession
INFORMACIÓN: Detected dialect: OSS
1501096100657	addons.productaddons	INFO	Completed downloading document
1501096101471	addons.productaddons	INFO	downloadXHR File download. status=200
1501096101477	addons.productaddons	INFO	Downloaded file will be saved to /tmp/tmpaddon
]]></system-err>
  </testcase>
</testsuite>