<?xml version="1.0" encoding="UTF-8"?><testsuite errors="1" failures="0" name="net.serenitybdd.tutorials.features.search.SearchByKeywordStory" skipped="0" tests="1" time="22.88" timestamp="2017-09-08T12:12:33.867-05:00[America/Bogota]"><testcase classname="net.serenitybdd.tutorials.features.search.SearchByKeywordStory" name="Search results should show the search term in the title"><error message="The following error occurred: Unable to locate element: *[name='q']&#10;For documentation on this error, please visit: http://seleniumhq.org/exceptions/no_such_element.html&#10;Build info: version: '3.5.2', revision: '10229a9', time: '2017-08-21T17:29:55.15Z'&#10;System info: host: 'VERDUGOX', ip: '192.168.1.9', os.name: 'Windows 10', os.arch: 'amd64', os.version: '10.0', java.version: '1.8.0_71'&#10;Driver info: org.openqa.selenium.remote.RemoteWebDriver&#10;Capabilities [{moz:profile=C:\Users\LUISAC~1\AppData\Local\Temp\rust_mozprofile.bSJTn6RLeuLM, rotatable=false, timeouts={implicit=0, pageLoad=300000, script=30000}, pageLoadStrategy=normal, platform=ANY, specificationLevel=0, moz:accessibilityChecks=false, acceptInsecureCerts=true, browserVersion=55.0.3, platformVersion=10.0, moz:processID=7320, browserName=firefox, javascriptEnabled=true, platformName=windows_nt}]&#10;Session ID: 38f10897-404a-46e5-819b-2b567a30d4a0&#10;*** Element info: {Using=name, value=q}" type="org.openqa.selenium.NoSuchElementException">The following error occurred: Unable to locate element: *[name='q']
For documentation on this error, please visit: http://seleniumhq.org/exceptions/no_such_element.html
Build info: version: '3.5.2', revision: '10229a9', time: '2017-08-21T17:29:55.15Z'
System info: host: 'VERDUGOX', ip: '192.168.1.9', os.name: 'Windows 10', os.arch: 'amd64', os.version: '10.0', java.version: '1.8.0_71'
Driver info: org.openqa.selenium.remote.RemoteWebDriver
Capabilities [{moz:profile=C:\Users\LUISAC~1\AppData\Local\Temp\rust_mozprofile.bSJTn6RLeuLM, rotatable=false, timeouts={implicit=0, pageLoad=300000, script=30000}, pageLoadStrategy=normal, platform=ANY, specificationLevel=0, moz:accessibilityChecks=false, acceptInsecureCerts=true, browserVersion=55.0.3, platformVersion=10.0, moz:processID=7320, browserName=firefox, javascriptEnabled=true, platformName=windows_nt}]
Session ID: 38f10897-404a-46e5-819b-2b567a30d4a0
*** Element info: {Using=name, value=q}</error><system-err>The following error occurred: Unable to locate element: *[name='q']
For documentation on this error, please visit: http://seleniumhq.org/exceptions/no_such_element.html
Build info: version: '3.5.2', revision: '10229a9', time: '2017-08-21T17:29:55.15Z'
System info: host: 'VERDUGOX', ip: '192.168.1.9', os.name: 'Windows 10', os.arch: 'amd64', os.version: '10.0', java.version: '1.8.0_71'
Driver info: org.openqa.selenium.remote.RemoteWebDriver
Capabilities [{moz:profile=C:\Users\LUISAC~1\AppData\Local\Temp\rust_mozprofile.bSJTn6RLeuLM, rotatable=false, timeouts={implicit=0, pageLoad=300000, script=30000}, pageLoadStrategy=normal, platform=ANY, specificationLevel=0, moz:accessibilityChecks=false, acceptInsecureCerts=true, browserVersion=55.0.3, platformVersion=10.0, moz:processID=7320, browserName=firefox, javascriptEnabled=true, platformName=windows_nt}]
Session ID: 38f10897-404a-46e5-819b-2b567a30d4a0
*** Element info: {Using=name, value=q}&#13;
net.serenitybdd.tutorials.tasks.Search.performAs(Search.java:24)&#13;
net.serenitybdd.tutorials.features.search.SearchByKeywordStory.search_results_should_show_the_search_term_in_the_title(SearchByKeywordStory.java:43)&#13;
</system-err></testcase></testsuite>